#
# A fatal error has been detected by the Java Runtime Environment:
#
#  SIGSEGV (0xb) at pc=0x00007f3311970590, pid=30361, tid=30367
#
# JRE version: OpenJDK Runtime Environment (11.0.17+8) (build 11.0.17+8-post-Ubuntu-1ubuntu222.04)
# Java VM: OpenJDK 64-Bit Server VM (11.0.17+8-post-Ubuntu-1ubuntu222.04, mixed mode, sharing, tiered, compressed oops, g1 gc, linux-amd64)
# Problematic frame:
# C  [iris_dri.so+0x2a3590]
#
# Core dump will be written. Default location: Core dumps may be processed with "/usr/share/apport/apport -p%p -s%s -c%c -d%d -P%P -u%u -g%g -- %E" (or dumping to /home/victor/IdeaProjects/mario/core.30361)
#
# If you would like to submit a bug report, please visit:
#   https://bugs.launchpad.net/ubuntu/+source/openjdk-lts
# The crash happened outside the Java Virtual Machine in native code.
# See problematic frame for where to report the bug.
#

---------------  S U M M A R Y ------------

Command Line: -Dfile.encoding=UTF-8 -Duser.country=US -Duser.language=en -Duser.variant Main

Host: Intel(R) Core(TM) i5-1035G1 CPU @ 1.00GHz, 8 cores, 7G, Ubuntu 22.04.1 LTS
Time: Wed Jan 11 20:04:39 2023 CST elapsed time: 0.393498 seconds (0d 0h 0m 0s)

---------------  T H R E A D  ---------------

Current thread (0x00007f3354016000):  JavaThread "main" [_thread_in_native, id=30367, stack(0x00007f3359366000,0x00007f3359466000)]

Stack: [0x00007f3359366000,0x00007f3359466000],  sp=0x00007f3359463c40,  free space=1015k
Native frames: (J=compiled Java code, A=aot compiled Java code, j=interpreted, Vv=VM code, C=native code)
C  [iris_dri.so+0x2a3590]

Java frames: (J=compiled Java code, j=interpreted, Vv=VM code)
j  org.lwjgl.opengl.GL11C.nglTexImage2D(IIIIIIIIJ)V+0
j  org.lwjgl.opengl.GL11C.glTexImage2D(IIIIIIIILjava/nio/ByteBuffer;)V+17
j  org.lwjgl.opengl.GL11.glTexImage2D(IIIIIIIILjava/nio/ByteBuffer;)V+14
j  renderer.Texture.<init>(Ljava/lang/String;)V+142
j  jade.LevelEditorScene.init()V+59
j  jade.Window.changeScene(I)V+41
j  jade.Window.init()V+156
j  jade.Window.run()V+15
j  Main.main([Ljava/lang/String;)V+5
v  ~StubRoutines::call_stub

siginfo: si_signo: 11 (SIGSEGV), si_code: 2 (SEGV_ACCERR), si_addr: 0x00007f32f43de000

Register to memory mapping:

RAX=0x0 is NULL
RBX=0x00007f32c7a00fec points into unknown readable memory: 00 00 00 00
RCX=0x0000000000000001 is an unknown value
RDX=0x0 is NULL
RSP=0x00007f3359463c40 is pointing into the stack for thread: 0x00007f3354016000
RBP=0x0 is NULL
RSI=0x00007f32f43de000 is an unknown value
RDI=0x0000000000000002 is an unknown value
R8 =0x00007f32c7a01000 points into unknown readable memory: 0x0000000000000000 | 00 00 00 00 00 00 00 00
R9 =0x0000000000000006 is an unknown value
R10=0x00000000ffffffff is an unallocated location in the heap
R11=0x00007f32f43dd40c points into unknown readable memory: 4a 2c 10 4b
R12=0x0000000000000004 is an unknown value
R13=0x0 is NULL
R14=0x0000000000000400 is an unknown value
R15=0x00007f32c79ffffc points into unknown readable memory: 4a 2c 10 00


Registers:
RAX=0x0000000000000000, RBX=0x00007f32c7a00fec, RCX=0x0000000000000001, RDX=0x0000000000000000
RSP=0x00007f3359463c40, RBP=0x0000000000000000, RSI=0x00007f32f43de000, RDI=0x0000000000000002
R8 =0x00007f32c7a01000, R9 =0x0000000000000006, R10=0x00000000ffffffff, R11=0x00007f32f43dd40c
R12=0x0000000000000004, R13=0x0000000000000000, R14=0x0000000000000400, R15=0x00007f32c79ffffc
RIP=0x00007f3311970590, EFLAGS=0x0000000000010283, CSGSFS=0x002b000000000033, ERR=0x0000000000000004
  TRAPNO=0x000000000000000e

Top of Stack: (sp=0x00007f3359463c40)
0x00007f3359463c40:   00007f3354de1400 0000000000000000
0x00007f3359463c50:   0000000000401000 00007f3359463d10
0x00007f3359463c60:   0000000000000000 00007f33123e7da2
0x00007f3359463c70:   00ff003300000000 836aaafcb6315400 

Instructions: (pc=0x00007f3311970590)
0x00007f3311970490:   74 24 08 e9 1a f5 ff ff 48 89 74 24 08 e8 2e 20
0x00007f33119704a0:   90 00 48 8b 74 24 08 e9 eb f3 ff ff 48 89 74 24
0x00007f33119704b0:   08 e8 1a 20 90 00 48 8b 74 24 08 e9 23 bc ff ff
0x00007f33119704c0:   48 89 74 24 08 e8 06 20 90 00 48 8b 74 24 08 e9
0x00007f33119704d0:   29 bd ff ff 44 8b b4 24 88 00 00 00 45 85 f6 0f
0x00007f33119704e0:   8e cb a9 ff ff 4c 63 84 24 88 00 00 00 31 c0 0f
0x00007f33119704f0:   b6 3c 06 40 88 7c 24 31 0f b6 7c 14 31 40 88 3c
0x00007f3311970500:   43 0f b6 7c 0c 31 40 88 7c 43 01 48 83 c0 01 4c
0x00007f3311970510:   39 c0 0f 84 98 a9 ff ff eb d5 44 8b 9c 24 88 00
0x00007f3311970520:   00 00 45 85 db 0f 8e 85 a9 ff ff 48 63 84 24 88
0x00007f3311970530:   00 00 00 48 8d 04 40 48 01 d8 44 0f b6 06 48 83
0x00007f3311970540:   c3 03 48 83 c6 01 44 88 44 24 31 44 0f b6 44 14
0x00007f3311970550:   31 44 88 43 fd 44 0f b6 44 0c 31 44 88 43 fe 44
0x00007f3311970560:   0f b6 44 3c 31 44 88 43 ff 48 39 c3 0f 84 3e a9
0x00007f3311970570:   ff ff eb c6 8b 84 24 88 00 00 00 85 c0 0f 8e 2d
0x00007f3311970580:   a9 ff ff 48 63 84 24 88 00 00 00 4c 8d 04 83 90
0x00007f3311970590:   0f b6 06 48 83 c3 04 48 83 c6 03 88 44 24 31 0f
0x00007f33119705a0:   b6 46 fe 88 44 24 32 0f b6 46 ff 88 44 24 33 0f
0x00007f33119705b0:   b6 44 14 31 88 43 fc 0f b6 44 0c 31 88 43 fd 0f
0x00007f33119705c0:   b6 44 3c 31 88 43 fe 42 0f b6 44 0c 31 88 43 ff
0x00007f33119705d0:   4c 39 c3 75 bb e9 d6 a8 ff ff 8b 84 24 88 00 00
0x00007f33119705e0:   00 85 c0 0f 8e c7 a8 ff ff 48 63 84 24 88 00 00
0x00007f33119705f0:   00 48 01 f0 44 0f b6 06 48 83 c6 01 48 83 c3 04
0x00007f3311970600:   44 88 44 24 31 44 0f b6 44 14 31 44 88 43 fc 44
0x00007f3311970610:   0f b6 44 0c 31 44 88 43 fd 44 0f b6 44 3c 31 44
0x00007f3311970620:   88 43 fe 46 0f b6 44 0c 31 44 88 43 ff 48 39 c6
0x00007f3311970630:   0f 84 7a a8 ff ff eb bc 44 8b a4 24 88 00 00 00
0x00007f3311970640:   45 85 e4 0f 8e 67 a8 ff ff 48 63 84 24 88 00 00
0x00007f3311970650:   00 48 8d 3c 43 0f 1f 00 0f b6 06 48 83 c3 02 48
0x00007f3311970660:   83 c6 03 88 44 24 31 0f b6 46 fe 88 44 24 32 0f
0x00007f3311970670:   b6 46 ff 88 44 24 33 0f b6 44 14 31 88 43 fe 0f
0x00007f3311970680:   b6 44 0c 31 88 43 ff 48 39 fb 75 cc e9 1f a8 ff 


Stack slot to memory mapping:
stack at sp + 0 slots: 0x00007f3354de1400 points into unknown readable memory: 0x0000000000000001 | 01 00 00 00 00 00 00 00
stack at sp + 1 slots: 0x0 is NULL
stack at sp + 2 slots: 0x0000000000401000 is an unknown value
stack at sp + 3 slots: 0x00007f3359463d10 is pointing into the stack for thread: 0x00007f3354016000
stack at sp + 4 slots: 0x0 is NULL
stack at sp + 5 slots: 0x00007f33123e7da2: <offset 0x0000000000d1ada2> in /usr/lib/x86_64-linux-gnu/dri/iris_dri.so at 0x00007f33116cd000
stack at sp + 6 slots: 0x00ff003300000000 is an unknown value
stack at sp + 7 slots: 0x836aaafcb6315400 is an unknown value


---------------  P R O C E S S  ---------------

Threads class SMR info:
_java_thread_list=0x00007f335418df00, length=9, elements={
0x00007f3354016000, 0x00007f3354120800, 0x00007f3354122800, 0x00007f3354129000,
0x00007f335412b000, 0x00007f335412d000, 0x00007f335412f800, 0x00007f3354131800,
0x00007f335418c800
}

Java Threads: ( => current thread )
=>0x00007f3354016000 JavaThread "main" [_thread_in_native, id=30367, stack(0x00007f3359366000,0x00007f3359466000)]
  0x00007f3354120800 JavaThread "Reference Handler" daemon [_thread_blocked, id=30374, stack(0x00007f332d01b000,0x00007f332d11b000)]
  0x00007f3354122800 JavaThread "Finalizer" daemon [_thread_blocked, id=30375, stack(0x00007f332cf1b000,0x00007f332d01b000)]
  0x00007f3354129000 JavaThread "Signal Dispatcher" daemon [_thread_blocked, id=30376, stack(0x00007f332c034000,0x00007f332c134000)]
  0x00007f335412b000 JavaThread "Service Thread" daemon [_thread_blocked, id=30377, stack(0x00007f3313f00000,0x00007f3314000000)]
  0x00007f335412d000 JavaThread "C2 CompilerThread0" daemon [_thread_blocked, id=30378, stack(0x00007f3313e00000,0x00007f3313f00000)]
  0x00007f335412f800 JavaThread "C1 CompilerThread0" daemon [_thread_blocked, id=30379, stack(0x00007f3313d00000,0x00007f3313e00000)]
  0x00007f3354131800 JavaThread "Sweeper thread" daemon [_thread_blocked, id=30380, stack(0x00007f3313c00000,0x00007f3313d00000)]
  0x00007f335418c800 JavaThread "Common-Cleaner" daemon [_thread_blocked, id=30382, stack(0x00007f33139fe000,0x00007f3313afe000)]

Other Threads:
  0x00007f335411d800 VMThread "VM Thread" [stack: 0x00007f332d11d000,0x00007f332d21d000] [id=30373]
  0x00007f335418a000 WatcherThread [stack: 0x00007f3313b00000,0x00007f3313c00000] [id=30381]
  0x00007f3354030000 GCTaskThread "GC Thread#0" [stack: 0x00007f3359036000,0x00007f3359136000] [id=30368]
  0x00007f3354060800 ConcurrentGCThread "G1 Main Marker" [stack: 0x00007f333c335000,0x00007f333c435000] [id=30369]
  0x00007f3354062800 ConcurrentGCThread "G1 Conc#0" [stack: 0x00007f333c233000,0x00007f333c333000] [id=30370]
  0x00007f33540e9800 ConcurrentGCThread "G1 Refine#0" [stack: 0x00007f332dbfd000,0x00007f332dcfd000] [id=30371]
  0x00007f33540eb800 ConcurrentGCThread "G1 Young RemSet Sampling" [stack: 0x00007f332dafb000,0x00007f332dbfb000] [id=30372]

Threads with active compile tasks:

VM state:not at safepoint (normal execution)

VM Mutex/Monitor currently owned by a thread: None

Heap address: 0x0000000087000000, size: 1936 MB, Compressed Oops mode: 32-bit
Narrow klass base: 0x0000000800000000, Narrow klass shift: 3
Compressed class space size: 1073741824 Address: 0x0000000840000000

Heap:
 garbage-first heap   total 126976K, used 9932K [0x0000000087000000, 0x0000000100000000)
  region size 1024K, 11 young (11264K), 0 survivors (0K)
 Metaspace       used 4173K, capacity 7365K, committed 7552K, reserved 1056768K
  class space    used 241K, capacity 572K, committed 640K, reserved 1048576K
Heap Regions: E=young(eden), S=young(survivor), O=old, HS=humongous(starts), HC=humongous(continues), CS=collection set, F=free, A=archive, TAMS=top-at-mark-start (previous, next)
|   0|0x0000000087000000, 0x0000000087000000, 0x0000000087100000|  0%| F|  |TAMS 0x0000000087000000, 0x0000000087000000| Untracked 
|   1|0x0000000087100000, 0x0000000087100000, 0x0000000087200000|  0%| F|  |TAMS 0x0000000087100000, 0x0000000087100000| Untracked 
|   2|0x0000000087200000, 0x0000000087200000, 0x0000000087300000|  0%| F|  |TAMS 0x0000000087200000, 0x0000000087200000| Untracked 
|   3|0x0000000087300000, 0x0000000087300000, 0x0000000087400000|  0%| F|  |TAMS 0x0000000087300000, 0x0000000087300000| Untracked 
|   4|0x0000000087400000, 0x0000000087400000, 0x0000000087500000|  0%| F|  |TAMS 0x0000000087400000, 0x0000000087400000| Untracked 
|   5|0x0000000087500000, 0x0000000087500000, 0x0000000087600000|  0%| F|  |TAMS 0x0000000087500000, 0x0000000087500000| Untracked 
|   6|0x0000000087600000, 0x0000000087600000, 0x0000000087700000|  0%| F|  |TAMS 0x0000000087600000, 0x0000000087600000| Untracked 
|   7|0x0000000087700000, 0x0000000087700000, 0x0000000087800000|  0%| F|  |TAMS 0x0000000087700000, 0x0000000087700000| Untracked 
|   8|0x0000000087800000, 0x0000000087800000, 0x0000000087900000|  0%| F|  |TAMS 0x0000000087800000, 0x0000000087800000| Untracked 
|   9|0x0000000087900000, 0x0000000087900000, 0x0000000087a00000|  0%| F|  |TAMS 0x0000000087900000, 0x0000000087900000| Untracked 
|  10|0x0000000087a00000, 0x0000000087a00000, 0x0000000087b00000|  0%| F|  |TAMS 0x0000000087a00000, 0x0000000087a00000| Untracked 
|  11|0x0000000087b00000, 0x0000000087b00000, 0x0000000087c00000|  0%| F|  |TAMS 0x0000000087b00000, 0x0000000087b00000| Untracked 
|  12|0x0000000087c00000, 0x0000000087c00000, 0x0000000087d00000|  0%| F|  |TAMS 0x0000000087c00000, 0x0000000087c00000| Untracked 
|  13|0x0000000087d00000, 0x0000000087d00000, 0x0000000087e00000|  0%| F|  |TAMS 0x0000000087d00000, 0x0000000087d00000| Untracked 
|  14|0x0000000087e00000, 0x0000000087e00000, 0x0000000087f00000|  0%| F|  |TAMS 0x0000000087e00000, 0x0000000087e00000| Untracked 
|  15|0x0000000087f00000, 0x0000000087f00000, 0x0000000088000000|  0%| F|  |TAMS 0x0000000087f00000, 0x0000000087f00000| Untracked 
|  16|0x0000000088000000, 0x0000000088000000, 0x0000000088100000|  0%| F|  |TAMS 0x0000000088000000, 0x0000000088000000| Untracked 
|  17|0x0000000088100000, 0x0000000088100000, 0x0000000088200000|  0%| F|  |TAMS 0x0000000088100000, 0x0000000088100000| Untracked 
|  18|0x0000000088200000, 0x0000000088200000, 0x0000000088300000|  0%| F|  |TAMS 0x0000000088200000, 0x0000000088200000| Untracked 
|  19|0x0000000088300000, 0x0000000088300000, 0x0000000088400000|  0%| F|  |TAMS 0x0000000088300000, 0x0000000088300000| Untracked 
|  20|0x0000000088400000, 0x0000000088400000, 0x0000000088500000|  0%| F|  |TAMS 0x0000000088400000, 0x0000000088400000| Untracked 
|  21|0x0000000088500000, 0x0000000088500000, 0x0000000088600000|  0%| F|  |TAMS 0x0000000088500000, 0x0000000088500000| Untracked 
|  22|0x0000000088600000, 0x0000000088600000, 0x0000000088700000|  0%| F|  |TAMS 0x0000000088600000, 0x0000000088600000| Untracked 
|  23|0x0000000088700000, 0x0000000088700000, 0x0000000088800000|  0%| F|  |TAMS 0x0000000088700000, 0x0000000088700000| Untracked 
|  24|0x0000000088800000, 0x0000000088800000, 0x0000000088900000|  0%| F|  |TAMS 0x0000000088800000, 0x0000000088800000| Untracked 
|  25|0x0000000088900000, 0x0000000088900000, 0x0000000088a00000|  0%| F|  |TAMS 0x0000000088900000, 0x0000000088900000| Untracked 
|  26|0x0000000088a00000, 0x0000000088a00000, 0x0000000088b00000|  0%| F|  |TAMS 0x0000000088a00000, 0x0000000088a00000| Untracked 
|  27|0x0000000088b00000, 0x0000000088b00000, 0x0000000088c00000|  0%| F|  |TAMS 0x0000000088b00000, 0x0000000088b00000| Untracked 
|  28|0x0000000088c00000, 0x0000000088c00000, 0x0000000088d00000|  0%| F|  |TAMS 0x0000000088c00000, 0x0000000088c00000| Untracked 
|  29|0x0000000088d00000, 0x0000000088d00000, 0x0000000088e00000|  0%| F|  |TAMS 0x0000000088d00000, 0x0000000088d00000| Untracked 
|  30|0x0000000088e00000, 0x0000000088e00000, 0x0000000088f00000|  0%| F|  |TAMS 0x0000000088e00000, 0x0000000088e00000| Untracked 
|  31|0x0000000088f00000, 0x0000000088f00000, 0x0000000089000000|  0%| F|  |TAMS 0x0000000088f00000, 0x0000000088f00000| Untracked 
|  32|0x0000000089000000, 0x0000000089000000, 0x0000000089100000|  0%| F|  |TAMS 0x0000000089000000, 0x0000000089000000| Untracked 
|  33|0x0000000089100000, 0x0000000089100000, 0x0000000089200000|  0%| F|  |TAMS 0x0000000089100000, 0x0000000089100000| Untracked 
|  34|0x0000000089200000, 0x0000000089200000, 0x0000000089300000|  0%| F|  |TAMS 0x0000000089200000, 0x0000000089200000| Untracked 
|  35|0x0000000089300000, 0x0000000089300000, 0x0000000089400000|  0%| F|  |TAMS 0x0000000089300000, 0x0000000089300000| Untracked 
|  36|0x0000000089400000, 0x0000000089400000, 0x0000000089500000|  0%| F|  |TAMS 0x0000000089400000, 0x0000000089400000| Untracked 
|  37|0x0000000089500000, 0x0000000089500000, 0x0000000089600000|  0%| F|  |TAMS 0x0000000089500000, 0x0000000089500000| Untracked 
|  38|0x0000000089600000, 0x0000000089600000, 0x0000000089700000|  0%| F|  |TAMS 0x0000000089600000, 0x0000000089600000| Untracked 
|  39|0x0000000089700000, 0x0000000089700000, 0x0000000089800000|  0%| F|  |TAMS 0x0000000089700000, 0x0000000089700000| Untracked 
|  40|0x0000000089800000, 0x0000000089800000, 0x0000000089900000|  0%| F|  |TAMS 0x0000000089800000, 0x0000000089800000| Untracked 
|  41|0x0000000089900000, 0x0000000089900000, 0x0000000089a00000|  0%| F|  |TAMS 0x0000000089900000, 0x0000000089900000| Untracked 
|  42|0x0000000089a00000, 0x0000000089a00000, 0x0000000089b00000|  0%| F|  |TAMS 0x0000000089a00000, 0x0000000089a00000| Untracked 
|  43|0x0000000089b00000, 0x0000000089b00000, 0x0000000089c00000|  0%| F|  |TAMS 0x0000000089b00000, 0x0000000089b00000| Untracked 
|  44|0x0000000089c00000, 0x0000000089c00000, 0x0000000089d00000|  0%| F|  |TAMS 0x0000000089c00000, 0x0000000089c00000| Untracked 
|  45|0x0000000089d00000, 0x0000000089d00000, 0x0000000089e00000|  0%| F|  |TAMS 0x0000000089d00000, 0x0000000089d00000| Untracked 
|  46|0x0000000089e00000, 0x0000000089e00000, 0x0000000089f00000|  0%| F|  |TAMS 0x0000000089e00000, 0x0000000089e00000| Untracked 
|  47|0x0000000089f00000, 0x0000000089f00000, 0x000000008a000000|  0%| F|  |TAMS 0x0000000089f00000, 0x0000000089f00000| Untracked 
|  48|0x000000008a000000, 0x000000008a000000, 0x000000008a100000|  0%| F|  |TAMS 0x000000008a000000, 0x000000008a000000| Untracked 
|  49|0x000000008a100000, 0x000000008a100000, 0x000000008a200000|  0%| F|  |TAMS 0x000000008a100000, 0x000000008a100000| Untracked 
|  50|0x000000008a200000, 0x000000008a200000, 0x000000008a300000|  0%| F|  |TAMS 0x000000008a200000, 0x000000008a200000| Untracked 
|  51|0x000000008a300000, 0x000000008a300000, 0x000000008a400000|  0%| F|  |TAMS 0x000000008a300000, 0x000000008a300000| Untracked 
|  52|0x000000008a400000, 0x000000008a400000, 0x000000008a500000|  0%| F|  |TAMS 0x000000008a400000, 0x000000008a400000| Untracked 
|  53|0x000000008a500000, 0x000000008a500000, 0x000000008a600000|  0%| F|  |TAMS 0x000000008a500000, 0x000000008a500000| Untracked 
|  54|0x000000008a600000, 0x000000008a600000, 0x000000008a700000|  0%| F|  |TAMS 0x000000008a600000, 0x000000008a600000| Untracked 
|  55|0x000000008a700000, 0x000000008a700000, 0x000000008a800000|  0%| F|  |TAMS 0x000000008a700000, 0x000000008a700000| Untracked 
|  56|0x000000008a800000, 0x000000008a800000, 0x000000008a900000|  0%| F|  |TAMS 0x000000008a800000, 0x000000008a800000| Untracked 
|  57|0x000000008a900000, 0x000000008a900000, 0x000000008aa00000|  0%| F|  |TAMS 0x000000008a900000, 0x000000008a900000| Untracked 
|  58|0x000000008aa00000, 0x000000008aa00000, 0x000000008ab00000|  0%| F|  |TAMS 0x000000008aa00000, 0x000000008aa00000| Untracked 
|  59|0x000000008ab00000, 0x000000008ab00000, 0x000000008ac00000|  0%| F|  |TAMS 0x000000008ab00000, 0x000000008ab00000| Untracked 
|  60|0x000000008ac00000, 0x000000008ac00000, 0x000000008ad00000|  0%| F|  |TAMS 0x000000008ac00000, 0x000000008ac00000| Untracked 
|  61|0x000000008ad00000, 0x000000008ad00000, 0x000000008ae00000|  0%| F|  |TAMS 0x000000008ad00000, 0x000000008ad00000| Untracked 
|  62|0x000000008ae00000, 0x000000008ae00000, 0x000000008af00000|  0%| F|  |TAMS 0x000000008ae00000, 0x000000008ae00000| Untracked 
|  63|0x000000008af00000, 0x000000008af00000, 0x000000008b000000|  0%| F|  |TAMS 0x000000008af00000, 0x000000008af00000| Untracked 
|  64|0x000000008b000000, 0x000000008b000000, 0x000000008b100000|  0%| F|  |TAMS 0x000000008b000000, 0x000000008b000000| Untracked 
|  65|0x000000008b100000, 0x000000008b100000, 0x000000008b200000|  0%| F|  |TAMS 0x000000008b100000, 0x000000008b100000| Untracked 
|  66|0x000000008b200000, 0x000000008b200000, 0x000000008b300000|  0%| F|  |TAMS 0x000000008b200000, 0x000000008b200000| Untracked 
|  67|0x000000008b300000, 0x000000008b300000, 0x000000008b400000|  0%| F|  |TAMS 0x000000008b300000, 0x000000008b300000| Untracked 
|  68|0x000000008b400000, 0x000000008b400000, 0x000000008b500000|  0%| F|  |TAMS 0x000000008b400000, 0x000000008b400000| Untracked 
|  69|0x000000008b500000, 0x000000008b500000, 0x000000008b600000|  0%| F|  |TAMS 0x000000008b500000, 0x000000008b500000| Untracked 
|  70|0x000000008b600000, 0x000000008b600000, 0x000000008b700000|  0%| F|  |TAMS 0x000000008b600000, 0x000000008b600000| Untracked 
|  71|0x000000008b700000, 0x000000008b700000, 0x000000008b800000|  0%| F|  |TAMS 0x000000008b700000, 0x000000008b700000| Untracked 
|  72|0x000000008b800000, 0x000000008b800000, 0x000000008b900000|  0%| F|  |TAMS 0x000000008b800000, 0x000000008b800000| Untracked 
|  73|0x000000008b900000, 0x000000008b900000, 0x000000008ba00000|  0%| F|  |TAMS 0x000000008b900000, 0x000000008b900000| Untracked 
|  74|0x000000008ba00000, 0x000000008ba00000, 0x000000008bb00000|  0%| F|  |TAMS 0x000000008ba00000, 0x000000008ba00000| Untracked 
|  75|0x000000008bb00000, 0x000000008bb00000, 0x000000008bc00000|  0%| F|  |TAMS 0x000000008bb00000, 0x000000008bb00000| Untracked 
|  76|0x000000008bc00000, 0x000000008bc00000, 0x000000008bd00000|  0%| F|  |TAMS 0x000000008bc00000, 0x000000008bc00000| Untracked 
|  77|0x000000008bd00000, 0x000000008bd00000, 0x000000008be00000|  0%| F|  |TAMS 0x000000008bd00000, 0x000000008bd00000| Untracked 
|  78|0x000000008be00000, 0x000000008be00000, 0x000000008bf00000|  0%| F|  |TAMS 0x000000008be00000, 0x000000008be00000| Untracked 
|  79|0x000000008bf00000, 0x000000008bf00000, 0x000000008c000000|  0%| F|  |TAMS 0x000000008bf00000, 0x000000008bf00000| Untracked 
|  80|0x000000008c000000, 0x000000008c000000, 0x000000008c100000|  0%| F|  |TAMS 0x000000008c000000, 0x000000008c000000| Untracked 
|  81|0x000000008c100000, 0x000000008c100000, 0x000000008c200000|  0%| F|  |TAMS 0x000000008c100000, 0x000000008c100000| Untracked 
|  82|0x000000008c200000, 0x000000008c200000, 0x000000008c300000|  0%| F|  |TAMS 0x000000008c200000, 0x000000008c200000| Untracked 
|  83|0x000000008c300000, 0x000000008c300000, 0x000000008c400000|  0%| F|  |TAMS 0x000000008c300000, 0x000000008c300000| Untracked 
|  84|0x000000008c400000, 0x000000008c400000, 0x000000008c500000|  0%| F|  |TAMS 0x000000008c400000, 0x000000008c400000| Untracked 
|  85|0x000000008c500000, 0x000000008c500000, 0x000000008c600000|  0%| F|  |TAMS 0x000000008c500000, 0x000000008c500000| Untracked 
|  86|0x000000008c600000, 0x000000008c600000, 0x000000008c700000|  0%| F|  |TAMS 0x000000008c600000, 0x000000008c600000| Untracked 
|  87|0x000000008c700000, 0x000000008c700000, 0x000000008c800000|  0%| F|  |TAMS 0x000000008c700000, 0x000000008c700000| Untracked 
|  88|0x000000008c800000, 0x000000008c800000, 0x000000008c900000|  0%| F|  |TAMS 0x000000008c800000, 0x000000008c800000| Untracked 
|  89|0x000000008c900000, 0x000000008c900000, 0x000000008ca00000|  0%| F|  |TAMS 0x000000008c900000, 0x000000008c900000| Untracked 
|  90|0x000000008ca00000, 0x000000008ca00000, 0x000000008cb00000|  0%| F|  |TAMS 0x000000008ca00000, 0x000000008ca00000| Untracked 
|  91|0x000000008cb00000, 0x000000008cb00000, 0x000000008cc00000|  0%| F|  |TAMS 0x000000008cb00000, 0x000000008cb00000| Untracked 
|  92|0x000000008cc00000, 0x000000008cc00000, 0x000000008cd00000|  0%| F|  |TAMS 0x000000008cc00000, 0x000000008cc00000| Untracked 
|  93|0x000000008cd00000, 0x000000008cd00000, 0x000000008ce00000|  0%| F|  |TAMS 0x000000008cd00000, 0x000000008cd00000| Untracked 
|  94|0x000000008ce00000, 0x000000008ce00000, 0x000000008cf00000|  0%| F|  |TAMS 0x000000008ce00000, 0x000000008ce00000| Untracked 
|  95|0x000000008cf00000, 0x000000008cf00000, 0x000000008d000000|  0%| F|  |TAMS 0x000000008cf00000, 0x000000008cf00000| Untracked 
|  96|0x000000008d000000, 0x000000008d000000, 0x000000008d100000|  0%| F|  |TAMS 0x000000008d000000, 0x000000008d000000| Untracked 
|  97|0x000000008d100000, 0x000000008d100000, 0x000000008d200000|  0%| F|  |TAMS 0x000000008d100000, 0x000000008d100000| Untracked 
|  98|0x000000008d200000, 0x000000008d200000, 0x000000008d300000|  0%| F|  |TAMS 0x000000008d200000, 0x000000008d200000| Untracked 
|  99|0x000000008d300000, 0x000000008d300000, 0x000000008d400000|  0%| F|  |TAMS 0x000000008d300000, 0x000000008d300000| Untracked 
| 100|0x000000008d400000, 0x000000008d400000, 0x000000008d500000|  0%| F|  |TAMS 0x000000008d400000, 0x000000008d400000| Untracked 
| 101|0x000000008d500000, 0x000000008d500000, 0x000000008d600000|  0%| F|  |TAMS 0x000000008d500000, 0x000000008d500000| Untracked 
| 102|0x000000008d600000, 0x000000008d600000, 0x000000008d700000|  0%| F|  |TAMS 0x000000008d600000, 0x000000008d600000| Untracked 
| 103|0x000000008d700000, 0x000000008d700000, 0x000000008d800000|  0%| F|  |TAMS 0x000000008d700000, 0x000000008d700000| Untracked 
| 104|0x000000008d800000, 0x000000008d800000, 0x000000008d900000|  0%| F|  |TAMS 0x000000008d800000, 0x000000008d800000| Untracked 
| 105|0x000000008d900000, 0x000000008d900000, 0x000000008da00000|  0%| F|  |TAMS 0x000000008d900000, 0x000000008d900000| Untracked 
| 106|0x000000008da00000, 0x000000008da00000, 0x000000008db00000|  0%| F|  |TAMS 0x000000008da00000, 0x000000008da00000| Untracked 
| 107|0x000000008db00000, 0x000000008db00000, 0x000000008dc00000|  0%| F|  |TAMS 0x000000008db00000, 0x000000008db00000| Untracked 
| 108|0x000000008dc00000, 0x000000008dc00000, 0x000000008dd00000|  0%| F|  |TAMS 0x000000008dc00000, 0x000000008dc00000| Untracked 
| 109|0x000000008dd00000, 0x000000008dd00000, 0x000000008de00000|  0%| F|  |TAMS 0x000000008dd00000, 0x000000008dd00000| Untracked 
| 110|0x000000008de00000, 0x000000008de00000, 0x000000008df00000|  0%| F|  |TAMS 0x000000008de00000, 0x000000008de00000| Untracked 
| 111|0x000000008df00000, 0x000000008df80ca0, 0x000000008e000000| 50%| E|  |TAMS 0x000000008df00000, 0x000000008df00000| Complete 
| 112|0x000000008e000000, 0x000000008e100000, 0x000000008e100000|100%| E|CS|TAMS 0x000000008e000000, 0x000000008e000000| Complete 
| 113|0x000000008e100000, 0x000000008e200000, 0x000000008e200000|100%| E|  |TAMS 0x000000008e100000, 0x000000008e100000| Complete 
| 114|0x000000008e200000, 0x000000008e300000, 0x000000008e300000|100%| E|CS|TAMS 0x000000008e200000, 0x000000008e200000| Complete 
| 115|0x000000008e300000, 0x000000008e400000, 0x000000008e400000|100%| E|CS|TAMS 0x000000008e300000, 0x000000008e300000| Complete 
| 116|0x000000008e400000, 0x000000008e500000, 0x000000008e500000|100%| E|CS|TAMS 0x000000008e400000, 0x000000008e400000| Complete 
| 117|0x000000008e500000, 0x000000008e600000, 0x000000008e600000|100%| E|CS|TAMS 0x000000008e500000, 0x000000008e500000| Complete 
| 118|0x000000008e600000, 0x000000008e700000, 0x000000008e700000|100%| E|CS|TAMS 0x000000008e600000, 0x000000008e600000| Complete 
| 119|0x000000008e700000, 0x000000008e800000, 0x000000008e800000|100%| E|CS|TAMS 0x000000008e700000, 0x000000008e700000| Complete 
| 120|0x000000008e800000, 0x000000008e900000, 0x000000008e900000|100%| E|CS|TAMS 0x000000008e800000, 0x000000008e800000| Complete 
| 121|0x000000008e900000, 0x000000008ea00000, 0x000000008ea00000|100%| E|CS|TAMS 0x000000008e900000, 0x000000008e900000| Complete 
|1934|0x00000000ffe00000, 0x00000000ffe48000, 0x00000000fff00000| 28%|OA|  |TAMS 0x00000000ffe00000, 0x00000000ffe00000| Untracked 
|1935|0x00000000fff00000, 0x00000000fff6b000, 0x0000000100000000| 41%|CA|  |TAMS 0x00000000fff00000, 0x00000000fff00000| Untracked 

Card table byte_map: [0x00007f335809c000,0x00007f3358464000] _byte_map_base: 0x00007f3357c64000

Marking Bits (Prev, Next): (CMBitMap*) 0x00007f33540581f8, (CMBitMap*) 0x00007f3354058230
 Prev Bits: [0x00007f33361c0000, 0x00007f3338000000)
 Next Bits: [0x00007f3334380000, 0x00007f33361c0000)

Polling page: 0x00007f335aca8000

Metaspace:

Usage:
  Non-class:      6.63 MB capacity,     3.84 MB ( 58%) used,     2.78 MB ( 42%) free+waste,    10.94 KB ( <1%) overhead. 
      Class:    572.00 KB capacity,   241.77 KB ( 42%) used,   324.48 KB ( 57%) free+waste,     5.75 KB (  1%) overhead. 
       Both:      7.19 MB capacity,     4.08 MB ( 57%) used,     3.10 MB ( 43%) free+waste,    16.69 KB ( <1%) overhead. 

Virtual space:
  Non-class space:        8.00 MB reserved,       6.75 MB ( 84%) committed 
      Class space:        1.00 GB reserved,     640.00 KB ( <1%) committed 
             Both:        1.01 GB reserved,       7.38 MB ( <1%) committed 

Chunk freelists:
   Non-Class:  83.00 KB
       Class:  4.00 KB
        Both:  87.00 KB

MaxMetaspaceSize: unlimited
CompressedClassSpaceSize: 1.00 GB
Initial GC threshold: 20.80 MB
Current GC threshold: 20.80 MB
CDS: on

CodeHeap 'non-profiled nmethods': size=120032Kb used=194Kb max_used=194Kb free=119837Kb
 bounds [0x00007f33442c5000, 0x00007f3344535000, 0x00007f334b7fd000]
CodeHeap 'profiled nmethods': size=120028Kb used=1032Kb max_used=1032Kb free=118995Kb
 bounds [0x00007f333cd8e000, 0x00007f333cffe000, 0x00007f33442c5000]
CodeHeap 'non-nmethods': size=5700Kb used=1578Kb max_used=1578Kb free=4121Kb
 bounds [0x00007f333c7fd000, 0x00007f333ca6d000, 0x00007f333cd8e000]
 total_blobs=1614 nmethods=648 adapters=880
 compilation: enabled
              stopped_count=0, restarted_count=0
 full_count=0

Compilation events (20 events):
Event: 0.351 Thread 0x00007f335412f800  638       1       java.util.zip.ZipEntry::getSize (5 bytes)
Event: 0.352 Thread 0x00007f335412f800 nmethod 638 0x00007f33442f5410 code [0x00007f33442f55c0, 0x00007f33442f5690]
Event: 0.355 Thread 0x00007f335412f800  639       3       jdk.internal.misc.Unsafe::checkSize (32 bytes)
Event: 0.355 Thread 0x00007f335412f800 nmethod 639 0x00007f333ce89590 code [0x00007f333ce89760, 0x00007f333ce89a00]
Event: 0.355 Thread 0x00007f335412f800  640       3       jdk.internal.misc.Unsafe::copyMemory (33 bytes)
Event: 0.355 Thread 0x00007f335412f800 nmethod 640 0x00007f333ce89b10 code [0x00007f333ce89de0, 0x00007f333ce8ab30]
Event: 0.355 Thread 0x00007f335412f800  644       3       java.nio.channels.spi.AbstractInterruptibleChannel::isOpen (13 bytes)
Event: 0.356 Thread 0x00007f335412f800 nmethod 644 0x00007f333ce8b110 code [0x00007f333ce8b2c0, 0x00007f333ce8b430]
Event: 0.356 Thread 0x00007f335412f800  646       3       jdk.internal.jimage.ImageStringsReader::charsFromByteBufferLength (47 bytes)
Event: 0.356 Thread 0x00007f335412f800 nmethod 646 0x00007f333ce8b490 code [0x00007f333ce8b680, 0x00007f333ce8bb10]
Event: 0.356 Thread 0x00007f335412f800  647       3       jdk.internal.jimage.ImageStringsReader::charsFromByteBuffer (186 bytes)
Event: 0.357 Thread 0x00007f335412f800 nmethod 647 0x00007f333ce8bc90 code [0x00007f333ce8c020, 0x00007f333ce8d660]
Event: 0.357 Thread 0x00007f335412f800  648       3       jdk.internal.jimage.ImageStringsReader::hashCode (8 bytes)
Event: 0.357 Thread 0x00007f335412f800 nmethod 648 0x00007f333ce8de10 code [0x00007f333ce8e000, 0x00007f333ce8e210]
Event: 0.357 Thread 0x00007f335412f800  641       3       jdk.internal.misc.Unsafe::copyMemoryChecks (21 bytes)
Event: 0.357 Thread 0x00007f335412f800 nmethod 641 0x00007f333ce8e390 code [0x00007f333ce8e660, 0x00007f333ce8f3e0]
Event: 0.357 Thread 0x00007f335412f800  642       3       jdk.internal.misc.Unsafe::checkOffset (32 bytes)
Event: 0.357 Thread 0x00007f335412f800 nmethod 642 0x00007f333ce8f990 code [0x00007f333ce8fb60, 0x00007f333ce8fe00]
Event: 0.357 Thread 0x00007f335412f800  645       3       sun.nio.ch.Util::isBufferTooLarge (15 bytes)
Event: 0.357 Thread 0x00007f335412f800 nmethod 645 0x00007f333ce8ff10 code [0x00007f333ce900c0, 0x00007f333ce90210]

GC Heap History (0 events):
No events

Deoptimization events (4 events):
Event: 0.101 Thread 0x00007f3354016000 DEOPT PACKING pc=0x00007f333cdd4da4 sp=0x00007f33594615f0
Event: 0.101 Thread 0x00007f3354016000 DEOPT UNPACKING pc=0x00007f333c8469fa sp=0x00007f3359460a68 mode 0
Event: 0.107 Thread 0x00007f3354016000 DEOPT PACKING pc=0x00007f333cddb9c2 sp=0x00007f3359461620
Event: 0.107 Thread 0x00007f3354016000 DEOPT UNPACKING pc=0x00007f333c8469fa sp=0x00007f3359460aa8 mode 0

Classes redefined (0 events):
No events

Internal exceptions (20 events):
Event: 0.141 Thread 0x00007f3354016000 Exception <a 'java/lang/NoSuchMethodError'{0x000000008e577f48}: 'int java.lang.invoke.DirectMethodHandle$Holder.invokeStaticInit(java.lang.Object, java.lang.Object, java.lang.Object, long)'> (0x000000008e577f48) thrown at [./src/hotspot/share/interpreter/linkResolver.cpp, line 772]
Event: 0.143 Thread 0x00007f3354016000 Exception <a 'java/security/PrivilegedActionException'{0x000000008e58dad0}> (0x000000008e58dad0) thrown at [./src/hotspot/share/prims/jvm.cpp, line 1304]
Event: 0.143 Thread 0x00007f3354016000 Exception <a 'java/security/PrivilegedActionException'{0x000000008e58dda0}> (0x000000008e58dda0) thrown at [./src/hotspot/share/prims/jvm.cpp, line 1304]
Event: 0.143 Thread 0x00007f3354016000 Exception <a 'java/security/PrivilegedActionException'{0x000000008e58f9b0}> (0x000000008e58f9b0) thrown at [./src/hotspot/share/prims/jvm.cpp, line 1304]
Event: 0.143 Thread 0x00007f3354016000 Exception <a 'java/security/PrivilegedActionException'{0x000000008e58fc80}> (0x000000008e58fc80) thrown at [./src/hotspot/share/prims/jvm.cpp, line 1304]
Event: 0.143 Thread 0x00007f3354016000 Exception <a 'java/security/PrivilegedActionException'{0x000000008e591868}> (0x000000008e591868) thrown at [./src/hotspot/share/prims/jvm.cpp, line 1304]
Event: 0.143 Thread 0x00007f3354016000 Exception <a 'java/security/PrivilegedActionException'{0x000000008e591b38}> (0x000000008e591b38) thrown at [./src/hotspot/share/prims/jvm.cpp, line 1304]
Event: 0.143 Thread 0x00007f3354016000 Exception <a 'java/security/PrivilegedActionException'{0x000000008e593768}> (0x000000008e593768) thrown at [./src/hotspot/share/prims/jvm.cpp, line 1304]
Event: 0.143 Thread 0x00007f3354016000 Exception <a 'java/security/PrivilegedActionException'{0x000000008e593a38}> (0x000000008e593a38) thrown at [./src/hotspot/share/prims/jvm.cpp, line 1304]
Event: 0.143 Thread 0x00007f3354016000 Exception <a 'java/security/PrivilegedActionException'{0x000000008e595668}> (0x000000008e595668) thrown at [./src/hotspot/share/prims/jvm.cpp, line 1304]
Event: 0.143 Thread 0x00007f3354016000 Exception <a 'java/security/PrivilegedActionException'{0x000000008e595938}> (0x000000008e595938) thrown at [./src/hotspot/share/prims/jvm.cpp, line 1304]
Event: 0.143 Thread 0x00007f3354016000 Exception <a 'java/security/PrivilegedActionException'{0x000000008e597520}> (0x000000008e597520) thrown at [./src/hotspot/share/prims/jvm.cpp, line 1304]
Event: 0.143 Thread 0x00007f3354016000 Exception <a 'java/security/PrivilegedActionException'{0x000000008e5977f0}> (0x000000008e5977f0) thrown at [./src/hotspot/share/prims/jvm.cpp, line 1304]
Event: 0.159 Thread 0x00007f3354016000 Exception <a 'sun/nio/fs/UnixException'{0x000000008e49cfc0}> (0x000000008e49cfc0) thrown at [./src/hotspot/share/prims/jni.cpp, line 617]
Event: 0.227 Thread 0x00007f3354016000 Exception <a 'java/lang/NoSuchMethodError'{0x000000008e30b170}: 'void java.lang.invoke.DirectMethodHandle$Holder.invokeStaticInit(java.lang.Object, long, double, double)'> (0x000000008e30b170) thrown at [./src/hotspot/share/interpreter/linkResolver.cpp, line 772]
Event: 0.228 Thread 0x00007f3354016000 Exception <a 'java/lang/NoSuchMethodError'{0x000000008e31ddf0}: 'void java.lang.invoke.DirectMethodHandle$Holder.invokeStaticInit(java.lang.Object, long, int, int, int)'> (0x000000008e31ddf0) thrown at [./src/hotspot/share/interpreter/linkResolver.cpp, line 772]
Event: 0.231 Thread 0x00007f3354016000 Exception <a 'java/lang/NoSuchMethodError'{0x000000008e33e7c8}: 'void java.lang.invoke.DirectMethodHandle$Holder.invokeStaticInit(java.lang.Object, long, int, int, int, int)'> (0x000000008e33e7c8) thrown at [./src/hotspot/share/interpreter/linkResolver.cpp, line 772]
Event: 0.260 Thread 0x00007f3354016000 Exception <a 'sun/nio/fs/UnixException'{0x000000008e38b580}> (0x000000008e38b580) thrown at [./src/hotspot/share/prims/jni.cpp, line 617]
Event: 0.263 Thread 0x00007f3354016000 Exception <a 'sun/nio/fs/UnixException'{0x000000008e3a1d48}> (0x000000008e3a1d48) thrown at [./src/hotspot/share/prims/jni.cpp, line 617]
Event: 0.355 Thread 0x00007f3354016000 Exception <a 'sun/nio/fs/UnixException'{0x000000008df27588}> (0x000000008df27588) thrown at [./src/hotspot/share/prims/jni.cpp, line 617]

Events (20 events):
Event: 0.338 loading class org/lwjgl/opengl/GL11C done
Event: 0.340 loading class org/lwjgl/system/APIUtil$Encoder
Event: 0.340 loading class org/lwjgl/system/APIUtil$Encoder done
Event: 0.340 loading class org/lwjgl/system/APIUtil$Encoder
Event: 0.340 loading class org/lwjgl/system/APIUtil$Encoder done
Event: 0.345 loading class org/lwjgl/system/libc/LibCString
Event: 0.345 loading class org/lwjgl/system/libc/LibCString done
Event: 0.346 loading class org/lwjgl/opengl/ARBVertexArrayObject
Event: 0.346 loading class org/lwjgl/opengl/ARBVertexArrayObject done
Event: 0.346 loading class org/lwjgl/opengl/GL30C
Event: 0.346 loading class org/lwjgl/opengl/GL30C done
Event: 0.347 loading class org/lwjgl/opengl/GL21C
Event: 0.347 loading class org/lwjgl/opengl/GL21C done
Event: 0.348 loading class renderer/Texture
Event: 0.348 loading class renderer/Texture done
Event: 0.348 loading class org/lwjgl/stb/STBImage
Event: 0.348 loading class org/lwjgl/stb/STBImage done
Event: 0.349 loading class org/lwjgl/stb/LibSTB
Event: 0.349 loading class org/lwjgl/stb/LibSTB done
Event: 0.355 Loaded shared library /tmp/lwjglvictor/3.3.1-build-7/liblwjgl_stb.so


Dynamic libraries:
87000000-8ea00000 rw-p 00000000 00:00 0 
8ea00000-ffe00000 ---p 00000000 00:00 0 
ffe00000-ffe48000 rw-p 00b0a000 103:02 24511878                          /usr/lib/jvm/java-11-openjdk-amd64/lib/server/classes.jsa
ffe48000-fff00000 rw-p 00000000 00:00 0 
fff00000-fff6b000 rw-p 00a9f000 103:02 24511878                          /usr/lib/jvm/java-11-openjdk-amd64/lib/server/classes.jsa
fff6b000-100000000 rw-p 00000000 00:00 0 
800000000-800002000 rwxp 00001000 103:02 24511878                        /usr/lib/jvm/java-11-openjdk-amd64/lib/server/classes.jsa
800002000-8003cc000 rw-p 00003000 103:02 24511878                        /usr/lib/jvm/java-11-openjdk-amd64/lib/server/classes.jsa
8003cc000-800a9d000 r--p 003cd000 103:02 24511878                        /usr/lib/jvm/java-11-openjdk-amd64/lib/server/classes.jsa
800a9d000-800a9e000 rw-p 00a9e000 103:02 24511878                        /usr/lib/jvm/java-11-openjdk-amd64/lib/server/classes.jsa
840000000-8400a0000 rw-p 00000000 00:00 0 
8400a0000-880000000 ---p 00000000 00:00 0 
5560b8a3a000-5560b8a3b000 r--p 00000000 103:02 23856064                  /usr/lib/jvm/java-11-openjdk-amd64/bin/java
5560b8a3b000-5560b8a3c000 r-xp 00001000 103:02 23856064                  /usr/lib/jvm/java-11-openjdk-amd64/bin/java
5560b8a3c000-5560b8a3d000 r--p 00002000 103:02 23856064                  /usr/lib/jvm/java-11-openjdk-amd64/bin/java
5560b8a3d000-5560b8a3e000 r--p 00002000 103:02 23856064                  /usr/lib/jvm/java-11-openjdk-amd64/bin/java
5560b8a3e000-5560b8a3f000 rw-p 00003000 103:02 23856064                  /usr/lib/jvm/java-11-openjdk-amd64/bin/java
5560ba817000-5560ba838000 rw-p 00000000 00:00 0                          [heap]
7f32c7600000-7f32c7b00000 rw-s 117601000 00:0e 12497                     anon_inode:i915.gem
7f32c7b00000-7f32c8000000 rw-s 1077bb000 00:0e 12497                     anon_inode:i915.gem
7f32c8000000-7f32c8021000 rw-p 00000000 00:00 0 
7f32c8021000-7f32cc000000 ---p 00000000 00:00 0 
7f32cc000000-7f32cc021000 rw-p 00000000 00:00 0 
7f32cc021000-7f32d0000000 ---p 00000000 00:00 0 
7f32d0000000-7f32d0021000 rw-p 00000000 00:00 0 
7f32d0021000-7f32d4000000 ---p 00000000 00:00 0 
7f32d4000000-7f32d4021000 rw-p 00000000 00:00 0 
7f32d4021000-7f32d8000000 ---p 00000000 00:00 0 
7f32d8000000-7f32d8021000 rw-p 00000000 00:00 0 
7f32d8021000-7f32dc000000 ---p 00000000 00:00 0 
7f32dc000000-7f32dc021000 rw-p 00000000 00:00 0 
7f32dc021000-7f32e0000000 ---p 00000000 00:00 0 
7f32e0000000-7f32e0021000 rw-p 00000000 00:00 0 
7f32e0021000-7f32e4000000 ---p 00000000 00:00 0 
7f32e4000000-7f32e4021000 rw-p 00000000 00:00 0 
7f32e4021000-7f32e8000000 ---p 00000000 00:00 0 
7f32e8200000-7f32e8270000 r-xp 00000000 103:02 17957350                  /tmp/lwjglvictor/3.3.1-build-7/liblwjgl_stb.so
7f32e8270000-7f32e8470000 ---p 00070000 103:02 17957350                  /tmp/lwjglvictor/3.3.1-build-7/liblwjgl_stb.so
7f32e8470000-7f32e8471000 r--p 00070000 103:02 17957350                  /tmp/lwjglvictor/3.3.1-build-7/liblwjgl_stb.so
7f32e8471000-7f32e8472000 rw-p 00071000 103:02 17957350                  /tmp/lwjglvictor/3.3.1-build-7/liblwjgl_stb.so
7f32e8600000-7f32e8656000 r-xp 00000000 103:02 17957960                  /tmp/lwjglvictor/3.3.1-build-7/liblwjgl_opengl.so
7f32e8656000-7f32e8855000 ---p 00056000 103:02 17957960                  /tmp/lwjglvictor/3.3.1-build-7/liblwjgl_opengl.so
7f32e8855000-7f32e8856000 r--p 00055000 103:02 17957960                  /tmp/lwjglvictor/3.3.1-build-7/liblwjgl_opengl.so
7f32e8856000-7f32e8857000 rw-p 00056000 103:02 17957960                  /tmp/lwjglvictor/3.3.1-build-7/liblwjgl_opengl.so
7f32e8859000-7f32e885a000 ---p 00000000 00:00 0 
7f32e885a000-7f32e905a000 rw-p 00000000 00:00 0 
7f32e905a000-7f32e905b000 ---p 00000000 00:00 0 
7f32e905b000-7f32e985b000 rw-p 00000000 00:00 0 
7f32e985b000-7f32e985c000 ---p 00000000 00:00 0 
7f32e985c000-7f32ea05c000 rw-p 00000000 00:00 0 
7f32ea05c000-7f32ef8f3000 r-xp 00000000 103:02 23724538                  /usr/lib/x86_64-linux-gnu/libLLVM-13.so.1
7f32ef8f3000-7f32eff85000 r--p 05896000 103:02 23724538                  /usr/lib/x86_64-linux-gnu/libLLVM-13.so.1
7f32eff85000-7f32eff8e000 rw-p 05f28000 103:02 23724538                  /usr/lib/x86_64-linux-gnu/libLLVM-13.so.1
7f32eff8e000-7f32f0000000 rw-p 00000000 00:00 0 
7f32f0000000-7f32f0021000 rw-p 00000000 00:00 0 
7f32f0021000-7f32f4000000 ---p 00000000 00:00 0 
7f32f40dd000-7f32f43de000 rw-p 00000000 00:00 0 
7f32f43de000-7f32f43df000 ---p 00000000 00:00 0 
7f32f43df000-7f32f4bdf000 rw-p 00000000 00:00 0 
7f32f4bdf000-7f32f4be0000 ---p 00000000 00:00 0 
7f32f4be0000-7f32f53e0000 rw-p 00000000 00:00 0 
7f32f53e0000-7f32f53e1000 ---p 00000000 00:00 0 
7f32f53e1000-7f32f5be1000 rw-p 00000000 00:00 0 
7f32f5be1000-7f32f5be2000 ---p 00000000 00:00 0 
7f32f5be2000-7f32f63e2000 rw-p 00000000 00:00 0 
7f32f63e2000-7f32f63e3000 r--p 00000000 103:02 23730806                  /usr/lib/x86_64-linux-gnu/libicudata.so.70.1
7f32f63e3000-7f32f63e4000 r-xp 00001000 103:02 23730806                  /usr/lib/x86_64-linux-gnu/libicudata.so.70.1
7f32f63e4000-7f32f7ffe000 r--p 00002000 103:02 23730806                  /usr/lib/x86_64-linux-gnu/libicudata.so.70.1
7f32f7ffe000-7f32f7fff000 r--p 01c1b000 103:02 23730806                  /usr/lib/x86_64-linux-gnu/libicudata.so.70.1
7f32f7fff000-7f32f8000000 rw-p 01c1c000 103:02 23730806                  /usr/lib/x86_64-linux-gnu/libicudata.so.70.1
7f32f8000000-7f32f8021000 rw-p 00000000 00:00 0 
7f32f8021000-7f32fc000000 ---p 00000000 00:00 0 
7f32fc000000-7f32fc021000 rw-p 00000000 00:00 0 
7f32fc021000-7f3300000000 ---p 00000000 00:00 0 
7f3300000000-7f330014d000 rw-p 00000000 00:00 0 
7f330014d000-7f3304000000 ---p 00000000 00:00 0 
7f3304000000-7f3304530000 rw-p 00000000 00:00 0 
7f3304530000-7f3308000000 ---p 00000000 00:00 0 
7f3308000000-7f3308021000 rw-p 00000000 00:00 0 
7f3308021000-7f330c000000 ---p 00000000 00:00 0 
7f330c000000-7f330c021000 rw-p 00000000 00:00 0 
7f330c021000-7f3310000000 ---p 00000000 00:00 0 
7f33101be000-7f33101ce000 rw-s 1152d1000 00:0e 12497                     anon_inode:i915.gem
7f33101ce000-7f33101de000 rw-s 101bea000 00:0e 12497                     anon_inode:i915.gem
7f33101de000-7f33101ee000 rw-s 115251000 00:0e 12497                     anon_inode:i915.gem
7f33101ee000-7f33103ee000 rw-s 120471000 00:0e 12497                     anon_inode:i915.gem
7f33103ee000-7f33106ee000 rw-s 10c311000 00:0e 12497                     anon_inode:i915.gem
7f33106ee000-7f3310730000 rw-p 00000000 00:00 0 
7f3310730000-7f3310740000 rw-s 10fc11000 00:0e 12497                     anon_inode:i915.gem
7f3310740000-7f3310750000 rw-s 101011000 00:0e 12497                     anon_inode:i915.gem
7f3310750000-7f3310760000 rw-s 107d7b000 00:0e 12497                     anon_inode:i915.gem
7f3310760000-7f3310770000 rw-s 117ca1000 00:0e 12497                     anon_inode:i915.gem
7f3310770000-7f3310771000 ---p 00000000 00:00 0 
7f3310771000-7f3310f71000 rw-p 00000000 00:00 0 
7f3310f71000-7f33110b2000 rw-s 00000000 103:02 27395572                  /home/victor/.cache/mesa_shader_cache/index
7f33110b2000-7f33110b5000 r--p 00000000 103:02 23730916                  /usr/lib/x86_64-linux-gnu/liblzma.so.5.2.5
7f33110b5000-7f33110d0000 r-xp 00003000 103:02 23730916                  /usr/lib/x86_64-linux-gnu/liblzma.so.5.2.5
7f33110d0000-7f33110db000 r--p 0001e000 103:02 23730916                  /usr/lib/x86_64-linux-gnu/liblzma.so.5.2.5
7f33110db000-7f33110dc000 r--p 00028000 103:02 23730916                  /usr/lib/x86_64-linux-gnu/liblzma.so.5.2.5
7f33110dc000-7f33110dd000 rw-p 00029000 103:02 23730916                  /usr/lib/x86_64-linux-gnu/liblzma.so.5.2.5
7f33110dd000-7f3311143000 r--p 00000000 103:02 23730816                  /usr/lib/x86_64-linux-gnu/libicuuc.so.70.1
7f3311143000-7f3311236000 r-xp 00066000 103:02 23730816                  /usr/lib/x86_64-linux-gnu/libicuuc.so.70.1
7f3311236000-7f33112c2000 r--p 00159000 103:02 23730816                  /usr/lib/x86_64-linux-gnu/libicuuc.so.70.1
7f33112c2000-7f33112d5000 r--p 001e4000 103:02 23730816                  /usr/lib/x86_64-linux-gnu/libicuuc.so.70.1
7f33112d5000-7f33112d6000 rw-p 001f7000 103:02 23730816                  /usr/lib/x86_64-linux-gnu/libicuuc.so.70.1
7f33112d6000-7f33112d8000 rw-p 00000000 00:00 0 
7f33112d8000-7f3311307000 r--p 00000000 103:02 23726839                  /usr/lib/x86_64-linux-gnu/libxml2.so.2.9.13
7f3311307000-7f331145a000 r-xp 0002f000 103:02 23726839                  /usr/lib/x86_64-linux-gnu/libxml2.so.2.9.13
7f331145a000-7f33114ae000 r--p 00182000 103:02 23726839                  /usr/lib/x86_64-linux-gnu/libxml2.so.2.9.13
7f33114ae000-7f33114af000 ---p 001d6000 103:02 23726839                  /usr/lib/x86_64-linux-gnu/libxml2.so.2.9.13
7f33114af000-7f33114b8000 r--p 001d6000 103:02 23726839                  /usr/lib/x86_64-linux-gnu/libxml2.so.2.9.13
7f33114b8000-7f33114b9000 rw-p 001df000 103:02 23726839                  /usr/lib/x86_64-linux-gnu/libxml2.so.2.9.13
7f33114b9000-7f33114ba000 rw-p 00000000 00:00 0 
7f33114ba000-7f33114c8000 r--p 00000000 103:02 23731397                  /usr/lib/x86_64-linux-gnu/libtinfo.so.6.3
7f33114c8000-7f33114d9000 r-xp 0000e000 103:02 23731397                  /usr/lib/x86_64-linux-gnu/libtinfo.so.6.3
7f33114d9000-7f33114e7000 r--p 0001f000 103:02 23731397                  /usr/lib/x86_64-linux-gnu/libtinfo.so.6.3
7f33114e7000-7f33114eb000 r--p 0002c000 103:02 23731397                  /usr/lib/x86_64-linux-gnu/libtinfo.so.6.3
7f33114eb000-7f33114ec000 rw-p 00030000 103:02 23731397                  /usr/lib/x86_64-linux-gnu/libtinfo.so.6.3
7f33114ec000-7f33114f4000 r--p 00000000 103:02 23730454                  /usr/lib/x86_64-linux-gnu/libedit.so.2.0.68
7f33114f4000-7f3311512000 r-xp 00008000 103:02 23730454                  /usr/lib/x86_64-linux-gnu/libedit.so.2.0.68
7f3311512000-7f331151f000 r--p 00026000 103:02 23730454                  /usr/lib/x86_64-linux-gnu/libedit.so.2.0.68
7f331151f000-7f3311521000 r--p 00032000 103:02 23730454                  /usr/lib/x86_64-linux-gnu/libedit.so.2.0.68
7f3311521000-7f3311522000 rw-p 00034000 103:02 23730454                  /usr/lib/x86_64-linux-gnu/libedit.so.2.0.68
7f3311522000-7f3311526000 rw-p 00000000 00:00 0 
7f3311526000-7f3311528000 r--p 00000000 103:02 23730504                  /usr/lib/x86_64-linux-gnu/libffi.so.8.1.0
7f3311528000-7f331152f000 r-xp 00002000 103:02 23730504                  /usr/lib/x86_64-linux-gnu/libffi.so.8.1.0
7f331152f000-7f3311530000 r--p 00009000 103:02 23730504                  /usr/lib/x86_64-linux-gnu/libffi.so.8.1.0
7f3311530000-7f3311531000 ---p 0000a000 103:02 23730504                  /usr/lib/x86_64-linux-gnu/libffi.so.8.1.0
7f3311531000-7f3311532000 r--p 0000a000 103:02 23730504                  /usr/lib/x86_64-linux-gnu/libffi.so.8.1.0
7f3311532000-7f3311533000 rw-p 0000b000 103:02 23730504                  /usr/lib/x86_64-linux-gnu/libffi.so.8.1.0
7f3311533000-7f3311542000 r--p 00000000 103:02 23731496                  /usr/lib/x86_64-linux-gnu/libvulkan.so.1.3.204
7f3311542000-7f331157f000 r-xp 0000f000 103:02 23731496                  /usr/lib/x86_64-linux-gnu/libvulkan.so.1.3.204
7f331157f000-7f331159f000 r--p 0004c000 103:02 23731496                  /usr/lib/x86_64-linux-gnu/libvulkan.so.1.3.204
7f331159f000-7f33115a0000 r--p 0006b000 103:02 23731496                  /usr/lib/x86_64-linux-gnu/libvulkan.so.1.3.204
7f33115a0000-7f33115a1000 rw-p 0006c000 103:02 23731496                  /usr/lib/x86_64-linux-gnu/libvulkan.so.1.3.204
7f33115a1000-7f33115a3000 r--p 00000000 103:02 23730426                  /usr/lib/x86_64-linux-gnu/libdrm_nouveau.so.2.0.0
7f33115a3000-7f33115a8000 r-xp 00002000 103:02 23730426                  /usr/lib/x86_64-linux-gnu/libdrm_nouveau.so.2.0.0
7f33115a8000-7f33115aa000 r--p 00007000 103:02 23730426                  /usr/lib/x86_64-linux-gnu/libdrm_nouveau.so.2.0.0
7f33115aa000-7f33115ab000 r--p 00008000 103:02 23730426                  /usr/lib/x86_64-linux-gnu/libdrm_nouveau.so.2.0.0
7f33115ab000-7f33115ac000 rw-p 00009000 103:02 23730426                  /usr/lib/x86_64-linux-gnu/libdrm_nouveau.so.2.0.0
7f33115ac000-7f33115af000 r--p 00000000 103:02 23730422                  /usr/lib/x86_64-linux-gnu/libdrm_amdgpu.so.1.0.0
7f33115af000-7f33115b4000 r-xp 00003000 103:02 23730422                  /usr/lib/x86_64-linux-gnu/libdrm_amdgpu.so.1.0.0
7f33115b4000-7f33115b6000 r--p 00008000 103:02 23730422                  /usr/lib/x86_64-linux-gnu/libdrm_amdgpu.so.1.0.0
7f33115b6000-7f33115b7000 r--p 00009000 103:02 23730422                  /usr/lib/x86_64-linux-gnu/libdrm_amdgpu.so.1.0.0
7f33115b7000-7f33115b8000 rw-p 0000a000 103:02 23730422                  /usr/lib/x86_64-linux-gnu/libdrm_amdgpu.so.1.0.0
7f33115b8000-7f33115bb000 r--p 00000000 103:02 23730459                  /usr/lib/x86_64-linux-gnu/libelf-0.186.so
7f33115bb000-7f33115cf000 r-xp 00003000 103:02 23730459                  /usr/lib/x86_64-linux-gnu/libelf-0.186.so
7f33115cf000-7f33115d3000 r--p 00017000 103:02 23730459                  /usr/lib/x86_64-linux-gnu/libelf-0.186.so
7f33115d3000-7f33115d4000 ---p 0001b000 103:02 23730459                  /usr/lib/x86_64-linux-gnu/libelf-0.186.so
7f33115d4000-7f33115d5000 r--p 0001b000 103:02 23730459                  /usr/lib/x86_64-linux-gnu/libelf-0.186.so
7f33115d5000-7f33115d6000 rw-p 0001c000 103:02 23730459                  /usr/lib/x86_64-linux-gnu/libelf-0.186.so
7f33115d6000-7f33115d8000 r--p 00000000 103:02 23730428                  /usr/lib/x86_64-linux-gnu/libdrm_radeon.so.1.0.1
7f33115d8000-7f33115df000 r-xp 00002000 103:02 23730428                  /usr/lib/x86_64-linux-gnu/libdrm_radeon.so.1.0.1
7f33115df000-7f33115e3000 r--p 00009000 103:02 23730428                  /usr/lib/x86_64-linux-gnu/libdrm_radeon.so.1.0.1
7f33115e3000-7f33115e4000 r--p 0000c000 103:02 23730428                  /usr/lib/x86_64-linux-gnu/libdrm_radeon.so.1.0.1
7f33115e4000-7f33115e5000 rw-p 0000d000 103:02 23730428                  /usr/lib/x86_64-linux-gnu/libdrm_radeon.so.1.0.1
7f33115e5000-7f33115ef000 r--p 00000000 103:02 23731630                  /usr/lib/x86_64-linux-gnu/libzstd.so.1.4.8
7f33115ef000-7f33116a1000 r-xp 0000a000 103:02 23731630                  /usr/lib/x86_64-linux-gnu/libzstd.so.1.4.8
7f33116a1000-7f33116b2000 r--p 000bc000 103:02 23731630                  /usr/lib/x86_64-linux-gnu/libzstd.so.1.4.8
7f33116b2000-7f33116b3000 r--p 000cc000 103:02 23731630                  /usr/lib/x86_64-linux-gnu/libzstd.so.1.4.8
7f33116b3000-7f33116b4000 rw-p 000cd000 103:02 23731630                  /usr/lib/x86_64-linux-gnu/libzstd.so.1.4.8
7f33116b5000-7f33116b9000 rw-s 10104b000 00:0e 12497                     anon_inode:i915.gem
7f33116b9000-7f33116bd000 rw-s 101c06000 00:0e 12497                     anon_inode:i915.gem
7f33116bd000-7f33116cd000 rw-s 10042d000 00:0e 12497                     anon_inode:i915.gem
7f33116cd000-7f331175d000 r--p 00000000 103:02 24383004                  /usr/lib/x86_64-linux-gnu/dri/iris_dri.so
7f331175d000-7f33127a2000 r-xp 00090000 103:02 24383004                  /usr/lib/x86_64-linux-gnu/dri/iris_dri.so
7f33127a2000-7f3312e25000 r--p 010d5000 103:02 24383004                  /usr/lib/x86_64-linux-gnu/dri/iris_dri.so
7f3312e25000-7f3312e9a000 r--p 01757000 103:02 24383004                  /usr/lib/x86_64-linux-gnu/dri/iris_dri.so
7f3312e9a000-7f3312ea7000 rw-p 017cc000 103:02 24383004                  /usr/lib/x86_64-linux-gnu/dri/iris_dri.so
7f3312ea7000-7f3313064000 rw-p 00000000 00:00 0 
7f3313064000-7f3313067000 r--p 00000000 103:02 23731580                  /usr/lib/x86_64-linux-gnu/libxcb-xfixes.so.0.0.0
7f3313067000-7f331306a000 r-xp 00003000 103:02 23731580                  /usr/lib/x86_64-linux-gnu/libxcb-xfixes.so.0.0.0
7f331306a000-7f331306b000 r--p 00006000 103:02 23731580                  /usr/lib/x86_64-linux-gnu/libxcb-xfixes.so.0.0.0
7f331306b000-7f331306c000 ---p 00007000 103:02 23731580                  /usr/lib/x86_64-linux-gnu/libxcb-xfixes.so.0.0.0
7f331306c000-7f331306d000 r--p 00007000 103:02 23731580                  /usr/lib/x86_64-linux-gnu/libxcb-xfixes.so.0.0.0
7f331306d000-7f331306e000 rw-p 00008000 103:02 23731580                  /usr/lib/x86_64-linux-gnu/libxcb-xfixes.so.0.0.0
7f331306e000-7f331306f000 r--p 00000000 103:02 23731608                  /usr/lib/x86_64-linux-gnu/libxshmfence.so.1.0.0
7f331306f000-7f3313070000 r-xp 00001000 103:02 23731608                  /usr/lib/x86_64-linux-gnu/libxshmfence.so.1.0.0
7f3313070000-7f3313071000 r--p 00002000 103:02 23731608                  /usr/lib/x86_64-linux-gnu/libxshmfence.so.1.0.0
7f3313071000-7f3313072000 r--p 00002000 103:02 23731608                  /usr/lib/x86_64-linux-gnu/libxshmfence.so.1.0.0
7f3313072000-7f3313073000 rw-p 00003000 103:02 23731608                  /usr/lib/x86_64-linux-gnu/libxshmfence.so.1.0.0
7f3313073000-7f3313076000 r--p 00000000 103:02 23731576                  /usr/lib/x86_64-linux-gnu/libxcb-sync.so.1.0.0
7f3313076000-7f3313079000 r-xp 00003000 103:02 23731576                  /usr/lib/x86_64-linux-gnu/libxcb-sync.so.1.0.0
7f3313079000-7f331307a000 r--p 00006000 103:02 23731576                  /usr/lib/x86_64-linux-gnu/libxcb-sync.so.1.0.0
7f331307a000-7f331307b000 ---p 00007000 103:02 23731576                  /usr/lib/x86_64-linux-gnu/libxcb-sync.so.1.0.0
7f331307b000-7f331307c000 r--p 00007000 103:02 23731576                  /usr/lib/x86_64-linux-gnu/libxcb-sync.so.1.0.0
7f331307c000-7f331307d000 rw-p 00008000 103:02 23731576                  /usr/lib/x86_64-linux-gnu/libxcb-sync.so.1.0.0
7f331307d000-7f331307e000 r--p 00000000 103:02 23731562                  /usr/lib/x86_64-linux-gnu/libxcb-present.so.0.0.0
7f331307e000-7f331307f000 r-xp 00001000 103:02 23731562                  /usr/lib/x86_64-linux-gnu/libxcb-present.so.0.0.0
7f331307f000-7f3313080000 r--p 00002000 103:02 23731562                  /usr/lib/x86_64-linux-gnu/libxcb-present.so.0.0.0
7f3313080000-7f3313081000 r--p 00002000 103:02 23731562                  /usr/lib/x86_64-linux-gnu/libxcb-present.so.0.0.0
7f3313081000-7f3313082000 rw-p 00003000 103:02 23731562                  /usr/lib/x86_64-linux-gnu/libxcb-present.so.0.0.0
7f3313082000-7f3313084000 r--p 00000000 103:02 23731552                  /usr/lib/x86_64-linux-gnu/libxcb-dri3.so.0.0.0
7f3313084000-7f3313086000 r-xp 00002000 103:02 23731552                  /usr/lib/x86_64-linux-gnu/libxcb-dri3.so.0.0.0
7f3313086000-7f3313087000 r--p 00004000 103:02 23731552                  /usr/lib/x86_64-linux-gnu/libxcb-dri3.so.0.0.0
7f3313087000-7f3313088000 r--p 00004000 103:02 23731552                  /usr/lib/x86_64-linux-gnu/libxcb-dri3.so.0.0.0
7f3313088000-7f3313089000 rw-p 00005000 103:02 23731552                  /usr/lib/x86_64-linux-gnu/libxcb-dri3.so.0.0.0
7f3313089000-7f331308d000 r--p 00000000 103:02 23728778                  /usr/lib/x86_64-linux-gnu/libexpat.so.1.8.7
7f331308d000-7f33130ac000 r-xp 00004000 103:02 23728778                  /usr/lib/x86_64-linux-gnu/libexpat.so.1.8.7
7f33130ac000-7f33130b6000 r--p 00023000 103:02 23728778                  /usr/lib/x86_64-linux-gnu/libexpat.so.1.8.7
7f33130b6000-7f33130b7000 ---p 0002d000 103:02 23728778                  /usr/lib/x86_64-linux-gnu/libexpat.so.1.8.7
7f33130b7000-7f33130b9000 r--p 0002d000 103:02 23728778                  /usr/lib/x86_64-linux-gnu/libexpat.so.1.8.7
7f33130b9000-7f33130ba000 rw-p 0002f000 103:02 23728778                  /usr/lib/x86_64-linux-gnu/libexpat.so.1.8.7
7f33130ba000-7f33130c5000 r--p 00000000 103:02 23731554                  /usr/lib/x86_64-linux-gnu/libxcb-glx.so.0.0.0
7f33130c5000-7f33130ce000 r-xp 0000b000 103:02 23731554                  /usr/lib/x86_64-linux-gnu/libxcb-glx.so.0.0.0
7f33130ce000-7f33130d3000 r--p 00014000 103:02 23731554                  /usr/lib/x86_64-linux-gnu/libxcb-glx.so.0.0.0
7f33130d3000-7f33130d4000 ---p 00019000 103:02 23731554                  /usr/lib/x86_64-linux-gnu/libxcb-glx.so.0.0.0
7f33130d4000-7f33130d6000 r--p 00019000 103:02 23731554                  /usr/lib/x86_64-linux-gnu/libxcb-glx.so.0.0.0
7f33130d6000-7f33130d7000 rw-p 0001b000 103:02 23731554                  /usr/lib/x86_64-linux-gnu/libxcb-glx.so.0.0.0
7f33130d7000-7f33130f0000 r--p 00000000 103:02 23729949                  /usr/lib/x86_64-linux-gnu/libGLX_mesa.so.0.0.0
7f33130f0000-7f331312e000 r-xp 00019000 103:02 23729949                  /usr/lib/x86_64-linux-gnu/libGLX_mesa.so.0.0.0
7f331312e000-7f3313143000 r--p 00057000 103:02 23729949                  /usr/lib/x86_64-linux-gnu/libGLX_mesa.so.0.0.0
7f3313143000-7f3313144000 ---p 0006c000 103:02 23729949                  /usr/lib/x86_64-linux-gnu/libGLX_mesa.so.0.0.0
7f3313144000-7f3313146000 r--p 0006c000 103:02 23729949                  /usr/lib/x86_64-linux-gnu/libGLX_mesa.so.0.0.0
7f3313146000-7f3313147000 rw-p 0006e000 103:02 23729949                  /usr/lib/x86_64-linux-gnu/libGLX_mesa.so.0.0.0
7f3313147000-7f3313148000 rw-p 00000000 00:00 0 
7f3313148000-7f3313188000 r--p 00000000 103:02 23729951                  /usr/lib/x86_64-linux-gnu/libGLdispatch.so.0.0.0
7f3313188000-7f33131c7000 r-xp 00040000 103:02 23729951                  /usr/lib/x86_64-linux-gnu/libGLdispatch.so.0.0.0
7f33131c7000-7f33131da000 r--p 0007f000 103:02 23729951                  /usr/lib/x86_64-linux-gnu/libGLdispatch.so.0.0.0
7f33131da000-7f33131db000 ---p 00092000 103:02 23729951                  /usr/lib/x86_64-linux-gnu/libGLdispatch.so.0.0.0
7f33131db000-7f33131f7000 r--p 00092000 103:02 23729951                  /usr/lib/x86_64-linux-gnu/libGLdispatch.so.0.0.0
7f33131f7000-7f33131f8000 rw-p 000ae000 103:02 23729951                  /usr/lib/x86_64-linux-gnu/libGLdispatch.so.0.0.0
7f33131f8000-7f3313200000 rw-p 00000000 00:00 0 
7f3313200000-7f3313257000 r-xp 00000000 103:02 17957725                  /tmp/lwjglvictor/3.3.1-build-7/libglfw.so
7f3313257000-7f3313456000 ---p 00057000 103:02 17957725                  /tmp/lwjglvictor/3.3.1-build-7/libglfw.so
7f3313456000-7f3313459000 r--p 00056000 103:02 17957725                  /tmp/lwjglvictor/3.3.1-build-7/libglfw.so
7f3313459000-7f331345b000 rw-p 00059000 103:02 17957725                  /tmp/lwjglvictor/3.3.1-build-7/libglfw.so
7f331345b000-7f331347e000 rw-p 00000000 00:00 0 
7f3313480000-7f3313481000 r--p 00000000 103:02 23731574                  /usr/lib/x86_64-linux-gnu/libxcb-shm.so.0.0.0
7f3313481000-7f3313482000 r-xp 00001000 103:02 23731574                  /usr/lib/x86_64-linux-gnu/libxcb-shm.so.0.0.0
7f3313482000-7f3313483000 r--p 00002000 103:02 23731574                  /usr/lib/x86_64-linux-gnu/libxcb-shm.so.0.0.0
7f3313483000-7f3313484000 r--p 00002000 103:02 23731574                  /usr/lib/x86_64-linux-gnu/libxcb-shm.so.0.0.0
7f3313484000-7f3313485000 rw-p 00003000 103:02 23731574                  /usr/lib/x86_64-linux-gnu/libxcb-shm.so.0.0.0
7f3313485000-7f3313487000 r--p 00000000 103:02 23731550                  /usr/lib/x86_64-linux-gnu/libxcb-dri2.so.0.0.0
7f3313487000-7f3313489000 r-xp 00002000 103:02 23731550                  /usr/lib/x86_64-linux-gnu/libxcb-dri2.so.0.0.0
7f3313489000-7f331348a000 r--p 00004000 103:02 23731550                  /usr/lib/x86_64-linux-gnu/libxcb-dri2.so.0.0.0
7f331348a000-7f331348b000 r--p 00004000 103:02 23731550                  /usr/lib/x86_64-linux-gnu/libxcb-dri2.so.0.0.0
7f331348b000-7f331348c000 rw-p 00005000 103:02 23731550                  /usr/lib/x86_64-linux-gnu/libxcb-dri2.so.0.0.0
7f331348c000-7f3313491000 r--p 00000000 103:02 23730420                  /usr/lib/x86_64-linux-gnu/libdrm.so.2.4.0
7f3313491000-7f331349c000 r-xp 00005000 103:02 23730420                  /usr/lib/x86_64-linux-gnu/libdrm.so.2.4.0
7f331349c000-7f33134a0000 r--p 00010000 103:02 23730420                  /usr/lib/x86_64-linux-gnu/libdrm.so.2.4.0
7f33134a0000-7f33134a1000 r--p 00013000 103:02 23730420                  /usr/lib/x86_64-linux-gnu/libdrm.so.2.4.0
7f33134a1000-7f33134a2000 rw-p 00014000 103:02 23730420                  /usr/lib/x86_64-linux-gnu/libdrm.so.2.4.0
7f33134a2000-7f33134af000 r--p 00000000 103:02 23730618                  /usr/lib/x86_64-linux-gnu/libglapi.so.0.0.0
7f33134af000-7f33134bd000 r-xp 0000d000 103:02 23730618                  /usr/lib/x86_64-linux-gnu/libglapi.so.0.0.0
7f33134bd000-7f33134d6000 r--p 0001b000 103:02 23730618                  /usr/lib/x86_64-linux-gnu/libglapi.so.0.0.0
7f33134d6000-7f33134d7000 ---p 00034000 103:02 23730618                  /usr/lib/x86_64-linux-gnu/libglapi.so.0.0.0
7f33134d7000-7f33134db000 r--p 00034000 103:02 23730618                  /usr/lib/x86_64-linux-gnu/libglapi.so.0.0.0
7f33134db000-7f33134dc000 rw-p 00038000 103:02 23730618                  /usr/lib/x86_64-linux-gnu/libglapi.so.0.0.0
7f33134dc000-7f33134dd000 rw-p 00000000 00:00 0 
7f33134dd000-7f33134e0000 r--p 00000000 103:02 23729946                  /usr/lib/x86_64-linux-gnu/libGLX.so.0.0.0
7f33134e0000-7f33134fb000 r-xp 00003000 103:02 23729946                  /usr/lib/x86_64-linux-gnu/libGLX.so.0.0.0
7f33134fb000-7f33134fe000 r--p 0001e000 103:02 23729946                  /usr/lib/x86_64-linux-gnu/libGLX.so.0.0.0
7f33134fe000-7f33134ff000 ---p 00021000 103:02 23729946                  /usr/lib/x86_64-linux-gnu/libGLX.so.0.0.0
7f33134ff000-7f3313500000 r--p 00021000 103:02 23729946                  /usr/lib/x86_64-linux-gnu/libGLX.so.0.0.0
7f3313500000-7f3313501000 rw-p 00022000 103:02 23729946                  /usr/lib/x86_64-linux-gnu/libGLX.so.0.0.0
7f3313501000-7f3313511000 rw-p 00000000 00:00 0 
7f3313511000-7f3313554000 r--p 00000000 103:02 23729940                  /usr/lib/x86_64-linux-gnu/libGL.so.1.7.0
7f3313554000-7f3313573000 r-xp 00043000 103:02 23729940                  /usr/lib/x86_64-linux-gnu/libGL.so.1.7.0
7f3313573000-7f3313588000 r--p 00062000 103:02 23729940                  /usr/lib/x86_64-linux-gnu/libGL.so.1.7.0
7f3313588000-7f3313596000 r--p 00076000 103:02 23729940                  /usr/lib/x86_64-linux-gnu/libGL.so.1.7.0
7f3313596000-7f3313597000 rw-p 00084000 103:02 23729940                  /usr/lib/x86_64-linux-gnu/libGL.so.1.7.0
7f3313597000-7f3313598000 rw-p 00000000 00:00 0 
7f3313598000-7f3313599000 r--p 00000000 103:02 23729967                  /usr/lib/x86_64-linux-gnu/libX11-xcb.so.1.0.0
7f3313599000-7f331359a000 r-xp 00001000 103:02 23729967                  /usr/lib/x86_64-linux-gnu/libX11-xcb.so.1.0.0
7f331359a000-7f331359b000 r--p 00002000 103:02 23729967                  /usr/lib/x86_64-linux-gnu/libX11-xcb.so.1.0.0
7f331359b000-7f331359c000 r--p 00002000 103:02 23729967                  /usr/lib/x86_64-linux-gnu/libX11-xcb.so.1.0.0
7f331359c000-7f331359d000 rw-p 00003000 103:02 23729967                  /usr/lib/x86_64-linux-gnu/libX11-xcb.so.1.0.0
7f331359d000-7f331359e000 r--p 00000000 103:02 23729996                  /usr/lib/x86_64-linux-gnu/libXinerama.so.1.0.0
7f331359e000-7f331359f000 r-xp 00001000 103:02 23729996                  /usr/lib/x86_64-linux-gnu/libXinerama.so.1.0.0
7f331359f000-7f33135a0000 r--p 00002000 103:02 23729996                  /usr/lib/x86_64-linux-gnu/libXinerama.so.1.0.0
7f33135a0000-7f33135a1000 r--p 00003000 103:02 23729996                  /usr/lib/x86_64-linux-gnu/libXinerama.so.1.0.0
7f33135a1000-7f33135a2000 rw-p 00004000 103:02 23729996                  /usr/lib/x86_64-linux-gnu/libXinerama.so.1.0.0
7f33135a2000-7f33135a4000 r--p 00000000 103:02 23729988                  /usr/lib/x86_64-linux-gnu/libXfixes.so.3.1.0
7f33135a4000-7f33135a7000 r-xp 00002000 103:02 23729988                  /usr/lib/x86_64-linux-gnu/libXfixes.so.3.1.0
7f33135a7000-7f33135a8000 r--p 00005000 103:02 23729988                  /usr/lib/x86_64-linux-gnu/libXfixes.so.3.1.0
7f33135a8000-7f33135a9000 r--p 00006000 103:02 23729988                  /usr/lib/x86_64-linux-gnu/libXfixes.so.3.1.0
7f33135a9000-7f33135aa000 rw-p 00007000 103:02 23729988                  /usr/lib/x86_64-linux-gnu/libXfixes.so.3.1.0
7f33135aa000-7f33135ac000 r--p 00000000 103:02 23729980                  /usr/lib/x86_64-linux-gnu/libXcursor.so.1.0.2
7f33135ac000-7f33135b2000 r-xp 00002000 103:02 23729980                  /usr/lib/x86_64-linux-gnu/libXcursor.so.1.0.2
7f33135b2000-7f33135b4000 r--p 00008000 103:02 23729980                  /usr/lib/x86_64-linux-gnu/libXcursor.so.1.0.2
7f33135b4000-7f33135b5000 r--p 00009000 103:02 23729980                  /usr/lib/x86_64-linux-gnu/libXcursor.so.1.0.2
7f33135b5000-7f33135b6000 rw-p 0000a000 103:02 23729980                  /usr/lib/x86_64-linux-gnu/libXcursor.so.1.0.2
7f33135b6000-7f33135b8000 r--p 00000000 103:02 23730006                  /usr/lib/x86_64-linux-gnu/libXrender.so.1.3.0
7f33135b8000-7f33135bf000 r-xp 00002000 103:02 23730006                  /usr/lib/x86_64-linux-gnu/libXrender.so.1.3.0
7f33135bf000-7f33135c1000 r--p 00009000 103:02 23730006                  /usr/lib/x86_64-linux-gnu/libXrender.so.1.3.0
7f33135c1000-7f33135c2000 r--p 0000a000 103:02 23730006                  /usr/lib/x86_64-linux-gnu/libXrender.so.1.3.0
7f33135c2000-7f33135c3000 rw-p 0000b000 103:02 23730006                  /usr/lib/x86_64-linux-gnu/libXrender.so.1.3.0
7f33135c3000-7f33135c5000 r--p 00000000 103:02 23730004                  /usr/lib/x86_64-linux-gnu/libXrandr.so.2.2.0
7f33135c5000-7f33135cc000 r-xp 00002000 103:02 23730004                  /usr/lib/x86_64-linux-gnu/libXrandr.so.2.2.0
7f33135cc000-7f33135ce000 r--p 00009000 103:02 23730004                  /usr/lib/x86_64-linux-gnu/libXrandr.so.2.2.0
7f33135ce000-7f33135cf000 r--p 0000a000 103:02 23730004                  /usr/lib/x86_64-linux-gnu/libXrandr.so.2.2.0
7f33135cf000-7f33135d0000 rw-p 0000b000 103:02 23730004                  /usr/lib/x86_64-linux-gnu/libXrandr.so.2.2.0
7f33135d0000-7f33135d3000 r--p 00000000 103:02 23729994                  /usr/lib/x86_64-linux-gnu/libXi.so.6.1.0
7f33135d3000-7f33135df000 r-xp 00003000 103:02 23729994                  /usr/lib/x86_64-linux-gnu/libXi.so.6.1.0
7f33135df000-7f33135e2000 r--p 0000f000 103:02 23729994                  /usr/lib/x86_64-linux-gnu/libXi.so.6.1.0
7f33135e2000-7f33135e3000 r--p 00011000 103:02 23729994                  /usr/lib/x86_64-linux-gnu/libXi.so.6.1.0
7f33135e3000-7f33135e4000 rw-p 00012000 103:02 23729994                  /usr/lib/x86_64-linux-gnu/libXi.so.6.1.0
7f33135e4000-7f33135e8000 r--p 00000000 103:02 23729986                  /usr/lib/x86_64-linux-gnu/libXext.so.6.4.0
7f33135e8000-7f33135f3000 r-xp 00004000 103:02 23729986                  /usr/lib/x86_64-linux-gnu/libXext.so.6.4.0
7f33135f3000-7f33135f7000 r--p 0000f000 103:02 23729986                  /usr/lib/x86_64-linux-gnu/libXext.so.6.4.0
7f33135f7000-7f33135f8000 r--p 00012000 103:02 23729986                  /usr/lib/x86_64-linux-gnu/libXext.so.6.4.0
7f33135f8000-7f33135f9000 rw-p 00013000 103:02 23729986                  /usr/lib/x86_64-linux-gnu/libXext.so.6.4.0
7f33135f9000-7f33135fa000 r--p 00000000 103:02 23730022                  /usr/lib/x86_64-linux-gnu/libXxf86vm.so.1.0.0
7f33135fa000-7f33135fd000 r-xp 00001000 103:02 23730022                  /usr/lib/x86_64-linux-gnu/libXxf86vm.so.1.0.0
7f33135fd000-7f33135fe000 r--p 00004000 103:02 23730022                  /usr/lib/x86_64-linux-gnu/libXxf86vm.so.1.0.0
7f33135fe000-7f33135ff000 r--p 00004000 103:02 23730022                  /usr/lib/x86_64-linux-gnu/libXxf86vm.so.1.0.0
7f33135ff000-7f3313600000 rw-p 00005000 103:02 23730022                  /usr/lib/x86_64-linux-gnu/libXxf86vm.so.1.0.0
7f3313600000-7f331366b000 r-xp 00000000 103:02 17957724                  /tmp/lwjglvictor/3.3.1-build-7/liblwjgl.so
7f331366b000-7f331386a000 ---p 0006b000 103:02 17957724                  /tmp/lwjglvictor/3.3.1-build-7/liblwjgl.so
7f331386a000-7f331386b000 r--p 0006a000 103:02 17957724                  /tmp/lwjglvictor/3.3.1-build-7/liblwjgl.so
7f331386b000-7f331386c000 rw-p 0006b000 103:02 17957724                  /tmp/lwjglvictor/3.3.1-build-7/liblwjgl.so
7f331386f000-7f3313871000 r--p 00000000 103:02 23730930                  /usr/lib/x86_64-linux-gnu/libmd.so.0.0.5
7f3313871000-7f3313878000 r-xp 00002000 103:02 23730930                  /usr/lib/x86_64-linux-gnu/libmd.so.0.0.5
7f3313878000-7f331387a000 r--p 00009000 103:02 23730930                  /usr/lib/x86_64-linux-gnu/libmd.so.0.0.5
7f331387a000-7f331387b000 r--p 0000a000 103:02 23730930                  /usr/lib/x86_64-linux-gnu/libmd.so.0.0.5
7f331387b000-7f331387c000 rw-p 0000b000 103:02 23730930                  /usr/lib/x86_64-linux-gnu/libmd.so.0.0.5
7f331387c000-7f3313880000 r--p 00000000 103:02 23730264                  /usr/lib/x86_64-linux-gnu/libbsd.so.0.11.5
7f3313880000-7f331388d000 r-xp 00004000 103:02 23730264                  /usr/lib/x86_64-linux-gnu/libbsd.so.0.11.5
7f331388d000-7f3313890000 r--p 00011000 103:02 23730264                  /usr/lib/x86_64-linux-gnu/libbsd.so.0.11.5
7f3313890000-7f3313891000 ---p 00014000 103:02 23730264                  /usr/lib/x86_64-linux-gnu/libbsd.so.0.11.5
7f3313891000-7f3313892000 r--p 00014000 103:02 23730264                  /usr/lib/x86_64-linux-gnu/libbsd.so.0.11.5
7f3313892000-7f3313893000 rw-p 00015000 103:02 23730264                  /usr/lib/x86_64-linux-gnu/libbsd.so.0.11.5
7f3313893000-7f3313894000 rw-p 00000000 00:00 0 
7f3313894000-7f331389f000 r--p 00000000 103:02 23731586                  /usr/lib/x86_64-linux-gnu/libxcb.so.1.1.0
7f331389f000-7f33138b3000 r-xp 0000b000 103:02 23731586                  /usr/lib/x86_64-linux-gnu/libxcb.so.1.1.0
7f33138b3000-7f33138bc000 r--p 0001f000 103:02 23731586                  /usr/lib/x86_64-linux-gnu/libxcb.so.1.1.0
7f33138bc000-7f33138bd000 r--p 00027000 103:02 23731586                  /usr/lib/x86_64-linux-gnu/libxcb.so.1.1.0
7f33138bd000-7f33138be000 rw-p 00028000 103:02 23731586                  /usr/lib/x86_64-linux-gnu/libxcb.so.1.1.0
7f33138be000-7f33138d7000 r--p 00000000 103:02 23729969                  /usr/lib/x86_64-linux-gnu/libX11.so.6.4.0
7f33138d7000-7f3313963000 r-xp 00019000 103:02 23729969                  /usr/lib/x86_64-linux-gnu/libX11.so.6.4.0
7f3313963000-7f33139f8000 r--p 000a5000 103:02 23729969                  /usr/lib/x86_64-linux-gnu/libX11.so.6.4.0
7f33139f8000-7f33139f9000 ---p 0013a000 103:02 23729969                  /usr/lib/x86_64-linux-gnu/libX11.so.6.4.0
7f33139f9000-7f33139fa000 r--p 0013a000 103:02 23729969                  /usr/lib/x86_64-linux-gnu/libX11.so.6.4.0
7f33139fa000-7f33139fe000 rw-p 0013b000 103:02 23729969                  /usr/lib/x86_64-linux-gnu/libX11.so.6.4.0
7f33139fe000-7f3313a02000 ---p 00000000 00:00 0 
7f3313a02000-7f3313afe000 rw-p 00000000 00:00 0 
7f3313afe000-7f3313aff000 ---p 00000000 00:00 0 
7f3313aff000-7f3313c00000 rw-p 00000000 00:00 0 
7f3313c00000-7f3313c04000 ---p 00000000 00:00 0 
7f3313c04000-7f3313d00000 rw-p 00000000 00:00 0 
7f3313d00000-7f3313d04000 ---p 00000000 00:00 0 
7f3313d04000-7f3313e00000 rw-p 00000000 00:00 0 
7f3313e00000-7f3313e04000 ---p 00000000 00:00 0 
7f3313e04000-7f3313f00000 rw-p 00000000 00:00 0 
7f3313f00000-7f3313f04000 ---p 00000000 00:00 0 
7f3313f04000-7f3314000000 rw-p 00000000 00:00 0 
7f3314000000-7f3314021000 rw-p 00000000 00:00 0 
7f3314021000-7f3318000000 ---p 00000000 00:00 0 
7f3318000000-7f3318021000 rw-p 00000000 00:00 0 
7f3318021000-7f331c000000 ---p 00000000 00:00 0 
7f331c000000-7f331c021000 rw-p 00000000 00:00 0 
7f331c021000-7f3320000000 ---p 00000000 00:00 0 
7f3320000000-7f3320021000 rw-p 00000000 00:00 0 
7f3320021000-7f3324000000 ---p 00000000 00:00 0 
7f3324000000-7f3324021000 rw-p 00000000 00:00 0 
7f3324021000-7f3328000000 ---p 00000000 00:00 0 
7f3328000000-7f3328021000 rw-p 00000000 00:00 0 
7f3328021000-7f332c000000 ---p 00000000 00:00 0 
7f332c003000-7f332c034000 rw-p 00000000 00:00 0 
7f332c034000-7f332c038000 ---p 00000000 00:00 0 
7f332c038000-7f332c134000 rw-p 00000000 00:00 0 
7f332c134000-7f332cf1b000 r--p 00000000 103:02 23729473                  /usr/lib/locale/locale-archive
7f332cf1b000-7f332cf1f000 ---p 00000000 00:00 0 
7f332cf1f000-7f332d01b000 rw-p 00000000 00:00 0 
7f332d01b000-7f332d01f000 ---p 00000000 00:00 0 
7f332d01f000-7f332d11b000 rw-p 00000000 00:00 0 
7f332d11b000-7f332d11c000 ---p 00000000 00:00 0 
7f332d11c000-7f332d9b9000 rw-p 00000000 00:00 0 
7f332d9b9000-7f332daf9000 ---p 00000000 00:00 0 
7f332daf9000-7f332dafa000 ---p 00000000 00:00 0 
7f332dafa000-7f332dbfb000 rw-p 00000000 00:00 0 
7f332dbfb000-7f332dbfc000 ---p 00000000 00:00 0 
7f332dbfc000-7f3330000000 rw-p 00000000 00:00 0 
7f3330000000-7f3330021000 rw-p 00000000 00:00 0 
7f3330021000-7f3334000000 ---p 00000000 00:00 0 
7f3334003000-7f3334004000 rw-s 00000000 00:01 33186                      /memfd:xshmfence (deleted)
7f3334004000-7f3334005000 rwxp 00000000 00:00 0 
7f3334005000-7f3334007000 r--p 00000000 103:02 23731282                  /usr/lib/x86_64-linux-gnu/libsensors.so.5.0.0
7f3334007000-7f333400e000 r-xp 00002000 103:02 23731282                  /usr/lib/x86_64-linux-gnu/libsensors.so.5.0.0
7f333400e000-7f3334012000 r--p 00009000 103:02 23731282                  /usr/lib/x86_64-linux-gnu/libsensors.so.5.0.0
7f3334012000-7f3334013000 ---p 0000d000 103:02 23731282                  /usr/lib/x86_64-linux-gnu/libsensors.so.5.0.0
7f3334013000-7f3334014000 r--p 0000d000 103:02 23731282                  /usr/lib/x86_64-linux-gnu/libsensors.so.5.0.0
7f3334014000-7f3334015000 rw-p 0000e000 103:02 23731282                  /usr/lib/x86_64-linux-gnu/libsensors.so.5.0.0
7f3334015000-7f333401c000 r--s 00000000 103:02 24383835                  /usr/lib/x86_64-linux-gnu/gconv/gconv-modules.cache
7f333401c000-7f3334020000 r--p 00000000 103:02 24512581                  /usr/lib/jvm/java-11-openjdk-amd64/lib/libnet.so
7f3334020000-7f333402e000 r-xp 00004000 103:02 24512581                  /usr/lib/jvm/java-11-openjdk-amd64/lib/libnet.so
7f333402e000-7f3334032000 r--p 00012000 103:02 24512581                  /usr/lib/jvm/java-11-openjdk-amd64/lib/libnet.so
7f3334032000-7f3334033000 r--p 00015000 103:02 24512581                  /usr/lib/jvm/java-11-openjdk-amd64/lib/libnet.so
7f3334033000-7f3334034000 rw-p 00016000 103:02 24512581                  /usr/lib/jvm/java-11-openjdk-amd64/lib/libnet.so
7f3334034000-7f3334568000 rw-p 00000000 00:00 0 
7f3334568000-7f33361b8000 ---p 00000000 00:00 0 
7f33361b8000-7f33363a8000 rw-p 00000000 00:00 0 
7f33363a8000-7f3337ff8000 ---p 00000000 00:00 0 
7f3337ff8000-7f3338000000 rw-p 00000000 00:00 0 
7f3338000000-7f3338021000 rw-p 00000000 00:00 0 
7f3338021000-7f333c000000 ---p 00000000 00:00 0 
7f333c000000-7f333c002000 r--p 00000000 103:02 23729984                  /usr/lib/x86_64-linux-gnu/libXdmcp.so.6.0.0
7f333c002000-7f333c004000 r-xp 00002000 103:02 23729984                  /usr/lib/x86_64-linux-gnu/libXdmcp.so.6.0.0
7f333c004000-7f333c006000 r--p 00004000 103:02 23729984                  /usr/lib/x86_64-linux-gnu/libXdmcp.so.6.0.0
7f333c006000-7f333c007000 r--p 00005000 103:02 23729984                  /usr/lib/x86_64-linux-gnu/libXdmcp.so.6.0.0
7f333c007000-7f333c008000 rw-p 00006000 103:02 23729984                  /usr/lib/x86_64-linux-gnu/libXdmcp.so.6.0.0
7f333c008000-7f333c009000 r--p 00000000 103:02 23729973                  /usr/lib/x86_64-linux-gnu/libXau.so.6.0.0
7f333c009000-7f333c00b000 r-xp 00001000 103:02 23729973                  /usr/lib/x86_64-linux-gnu/libXau.so.6.0.0
7f333c00b000-7f333c00c000 r--p 00003000 103:02 23729973                  /usr/lib/x86_64-linux-gnu/libXau.so.6.0.0
7f333c00c000-7f333c00d000 r--p 00003000 103:02 23729973                  /usr/lib/x86_64-linux-gnu/libXau.so.6.0.0
7f333c00d000-7f333c00e000 rw-p 00004000 103:02 23729973                  /usr/lib/x86_64-linux-gnu/libXau.so.6.0.0
7f333c00e000-7f333c231000 rw-p 00000000 00:00 0 
7f333c231000-7f333c232000 ---p 00000000 00:00 0 
7f333c232000-7f333c333000 rw-p 00000000 00:00 0 
7f333c333000-7f333c334000 ---p 00000000 00:00 0 
7f333c334000-7f333c472000 rw-p 00000000 00:00 0 
7f333c472000-7f333c7fc000 ---p 00000000 00:00 0 
7f333c7fc000-7f333c7fd000 rw-p 00000000 00:00 0 
7f333c7fd000-7f333ca6d000 rwxp 00000000 00:00 0 
7f333ca6d000-7f333cd8e000 ---p 00000000 00:00 0 
7f333cd8e000-7f333cffe000 rwxp 00000000 00:00 0 
7f333cffe000-7f33442c5000 ---p 00000000 00:00 0 
7f33442c5000-7f3344535000 rwxp 00000000 00:00 0 
7f3344535000-7f334b7fd000 ---p 00000000 00:00 0 
7f334b7fd000-7f3354000000 r--s 00000000 103:02 24512961                  /usr/lib/jvm/java-11-openjdk-amd64/lib/modules
7f3354000000-7f3354e0f000 rw-p 00000000 00:00 0 
7f3354e0f000-7f3358000000 ---p 00000000 00:00 0 
7f3358000000-7f3358001000 rw-s 100447000 00:0e 12497                     anon_inode:i915.gem
7f3358001000-7f3358002000 r--p 00000000 103:02 23730410                  /usr/lib/x86_64-linux-gnu/libdl.so.2
7f3358002000-7f3358003000 r-xp 00001000 103:02 23730410                  /usr/lib/x86_64-linux-gnu/libdl.so.2
7f3358003000-7f3358004000 r--p 00002000 103:02 23730410                  /usr/lib/x86_64-linux-gnu/libdl.so.2
7f3358004000-7f3358005000 r--p 00002000 103:02 23730410                  /usr/lib/x86_64-linux-gnu/libdl.so.2
7f3358005000-7f3358006000 rw-p 00003000 103:02 23730410                  /usr/lib/x86_64-linux-gnu/libdl.so.2
7f3358006000-7f3358007000 r--p 00000000 103:02 23731188                  /usr/lib/x86_64-linux-gnu/libpthread.so.0
7f3358007000-7f3358008000 r-xp 00001000 103:02 23731188                  /usr/lib/x86_64-linux-gnu/libpthread.so.0
7f3358008000-7f3358009000 r--p 00002000 103:02 23731188                  /usr/lib/x86_64-linux-gnu/libpthread.so.0
7f3358009000-7f335800a000 r--p 00002000 103:02 23731188                  /usr/lib/x86_64-linux-gnu/libpthread.so.0
7f335800a000-7f335800b000 rw-p 00003000 103:02 23731188                  /usr/lib/x86_64-linux-gnu/libpthread.so.0
7f335800b000-7f3358012000 r--p 00000000 103:02 24512582                  /usr/lib/jvm/java-11-openjdk-amd64/lib/libnio.so
7f3358012000-7f335801a000 r-xp 00007000 103:02 24512582                  /usr/lib/jvm/java-11-openjdk-amd64/lib/libnio.so
7f335801a000-7f335801d000 r--p 0000f000 103:02 24512582                  /usr/lib/jvm/java-11-openjdk-amd64/lib/libnio.so
7f335801d000-7f335801e000 r--p 00011000 103:02 24512582                  /usr/lib/jvm/java-11-openjdk-amd64/lib/libnio.so
7f335801e000-7f335801f000 rw-p 00012000 103:02 24512582                  /usr/lib/jvm/java-11-openjdk-amd64/lib/libnio.so
7f335801f000-7f33580d9000 rw-p 00000000 00:00 0 
7f33580d9000-7f3358463000 ---p 00000000 00:00 0 
7f3358463000-7f33584a1000 rw-p 00000000 00:00 0 
7f33584a1000-7f335882b000 ---p 00000000 00:00 0 
7f335882b000-7f3359034000 rw-p 00000000 00:00 0 
7f3359034000-7f3359035000 ---p 00000000 00:00 0 
7f3359035000-7f335913b000 rw-p 00000000 00:00 0 
7f335913b000-7f3359221000 ---p 00000000 00:00 0 
7f3359221000-7f3359226000 rw-p 00000000 00:00 0 
7f3359226000-7f335930c000 ---p 00000000 00:00 0 
7f335930c000-7f3359311000 rw-p 00000000 00:00 0 
7f3359311000-7f3359318000 ---p 00000000 00:00 0 
7f3359318000-7f335931a000 r--p 00000000 103:02 24512960                  /usr/lib/jvm/java-11-openjdk-amd64/lib/libzip.so
7f335931a000-7f335931f000 r-xp 00002000 103:02 24512960                  /usr/lib/jvm/java-11-openjdk-amd64/lib/libzip.so
7f335931f000-7f3359321000 r--p 00007000 103:02 24512960                  /usr/lib/jvm/java-11-openjdk-amd64/lib/libzip.so
7f3359321000-7f3359322000 r--p 00008000 103:02 24512960                  /usr/lib/jvm/java-11-openjdk-amd64/lib/libzip.so
7f3359322000-7f3359323000 rw-p 00009000 103:02 24512960                  /usr/lib/jvm/java-11-openjdk-amd64/lib/libzip.so
7f3359323000-7f335932b000 rw-s 00000000 103:02 17957352                  /tmp/hsperfdata_victor/30361
7f335932b000-7f335932d000 r--p 00000000 103:02 24512556                  /usr/lib/jvm/java-11-openjdk-amd64/lib/libjimage.so
7f335932d000-7f3359330000 r-xp 00002000 103:02 24512556                  /usr/lib/jvm/java-11-openjdk-amd64/lib/libjimage.so
7f3359330000-7f3359331000 r--p 00005000 103:02 24512556                  /usr/lib/jvm/java-11-openjdk-amd64/lib/libjimage.so
7f3359331000-7f3359332000 ---p 00006000 103:02 24512556                  /usr/lib/jvm/java-11-openjdk-amd64/lib/libjimage.so
7f3359332000-7f3359333000 r--p 00006000 103:02 24512556                  /usr/lib/jvm/java-11-openjdk-amd64/lib/libjimage.so
7f3359333000-7f3359334000 rw-p 00007000 103:02 24512556                  /usr/lib/jvm/java-11-openjdk-amd64/lib/libjimage.so
7f3359334000-7f3359341000 r--p 00000000 103:02 24512547                  /usr/lib/jvm/java-11-openjdk-amd64/lib/libjava.so
7f3359341000-7f3359357000 r-xp 0000d000 103:02 24512547                  /usr/lib/jvm/java-11-openjdk-amd64/lib/libjava.so
7f3359357000-7f335935e000 r--p 00023000 103:02 24512547                  /usr/lib/jvm/java-11-openjdk-amd64/lib/libjava.so
7f335935e000-7f335935f000 r--p 00029000 103:02 24512547                  /usr/lib/jvm/java-11-openjdk-amd64/lib/libjava.so
7f335935f000-7f3359360000 rw-p 0002a000 103:02 24512547                  /usr/lib/jvm/java-11-openjdk-amd64/lib/libjava.so
7f3359360000-7f3359361000 rw-p 00000000 00:00 0 
7f3359361000-7f3359362000 r--p 00000000 103:02 23731244                  /usr/lib/x86_64-linux-gnu/librt.so.1
7f3359362000-7f3359363000 r-xp 00001000 103:02 23731244                  /usr/lib/x86_64-linux-gnu/librt.so.1
7f3359363000-7f3359364000 r--p 00002000 103:02 23731244                  /usr/lib/x86_64-linux-gnu/librt.so.1
7f3359364000-7f3359365000 r--p 00002000 103:02 23731244                  /usr/lib/x86_64-linux-gnu/librt.so.1
7f3359365000-7f3359366000 rw-p 00003000 103:02 23731244                  /usr/lib/x86_64-linux-gnu/librt.so.1
7f3359366000-7f335936a000 ---p 00000000 00:00 0 
7f335936a000-7f3359466000 rw-p 00000000 00:00 0 
7f3359466000-7f3359469000 r--p 00000000 103:02 23724108                  /usr/lib/x86_64-linux-gnu/libgcc_s.so.1
7f3359469000-7f3359480000 r-xp 00003000 103:02 23724108                  /usr/lib/x86_64-linux-gnu/libgcc_s.so.1
7f3359480000-7f3359484000 r--p 0001a000 103:02 23724108                  /usr/lib/x86_64-linux-gnu/libgcc_s.so.1
7f3359484000-7f3359485000 r--p 0001d000 103:02 23724108                  /usr/lib/x86_64-linux-gnu/libgcc_s.so.1
7f3359485000-7f3359486000 rw-p 0001e000 103:02 23724108                  /usr/lib/x86_64-linux-gnu/libgcc_s.so.1
7f3359486000-7f3359494000 r--p 00000000 103:02 23730919                  /usr/lib/x86_64-linux-gnu/libm.so.6
7f3359494000-7f3359510000 r-xp 0000e000 103:02 23730919                  /usr/lib/x86_64-linux-gnu/libm.so.6
7f3359510000-7f335956b000 r--p 0008a000 103:02 23730919                  /usr/lib/x86_64-linux-gnu/libm.so.6
7f335956b000-7f335956c000 r--p 000e4000 103:02 23730919                  /usr/lib/x86_64-linux-gnu/libm.so.6
7f335956c000-7f335956d000 rw-p 000e5000 103:02 23730919                  /usr/lib/x86_64-linux-gnu/libm.so.6
7f335956d000-7f3359607000 r--p 00000000 103:02 23724096                  /usr/lib/x86_64-linux-gnu/libstdc++.so.6.0.30
7f3359607000-7f3359717000 r-xp 0009a000 103:02 23724096                  /usr/lib/x86_64-linux-gnu/libstdc++.so.6.0.30
7f3359717000-7f3359786000 r--p 001aa000 103:02 23724096                  /usr/lib/x86_64-linux-gnu/libstdc++.so.6.0.30
7f3359786000-7f3359791000 r--p 00218000 103:02 23724096                  /usr/lib/x86_64-linux-gnu/libstdc++.so.6.0.30
7f3359791000-7f3359794000 rw-p 00223000 103:02 23724096                  /usr/lib/x86_64-linux-gnu/libstdc++.so.6.0.30
7f3359794000-7f3359797000 rw-p 00000000 00:00 0 
7f3359797000-7f3359a19000 r--p 00000000 103:02 24512964                  /usr/lib/jvm/java-11-openjdk-amd64/lib/server/libjvm.so
7f3359a19000-7f335a6ac000 r-xp 00282000 103:02 24512964                  /usr/lib/jvm/java-11-openjdk-amd64/lib/server/libjvm.so
7f335a6ac000-7f335a906000 r--p 00f15000 103:02 24512964                  /usr/lib/jvm/java-11-openjdk-amd64/lib/server/libjvm.so
7f335a906000-7f335a9ca000 r--p 0116e000 103:02 24512964                  /usr/lib/jvm/java-11-openjdk-amd64/lib/server/libjvm.so
7f335a9ca000-7f335aa05000 rw-p 01232000 103:02 24512964                  /usr/lib/jvm/java-11-openjdk-amd64/lib/server/libjvm.so
7f335aa05000-7f335aa5e000 rw-p 00000000 00:00 0 
7f335aa5e000-7f335aa60000 r--p 00000000 103:02 23724222                  /usr/lib/x86_64-linux-gnu/libz.so.1.2.11
7f335aa60000-7f335aa71000 r-xp 00002000 103:02 23724222                  /usr/lib/x86_64-linux-gnu/libz.so.1.2.11
7f335aa71000-7f335aa77000 r--p 00013000 103:02 23724222                  /usr/lib/x86_64-linux-gnu/libz.so.1.2.11
7f335aa77000-7f335aa78000 ---p 00019000 103:02 23724222                  /usr/lib/x86_64-linux-gnu/libz.so.1.2.11
7f335aa78000-7f335aa79000 r--p 00019000 103:02 23724222                  /usr/lib/x86_64-linux-gnu/libz.so.1.2.11
7f335aa79000-7f335aa7a000 rw-p 0001a000 103:02 23724222                  /usr/lib/x86_64-linux-gnu/libz.so.1.2.11
7f335aa7a000-7f335aaa2000 r--p 00000000 103:02 23730268                  /usr/lib/x86_64-linux-gnu/libc.so.6
7f335aaa2000-7f335ac37000 r-xp 00028000 103:02 23730268                  /usr/lib/x86_64-linux-gnu/libc.so.6
7f335ac37000-7f335ac8f000 r--p 001bd000 103:02 23730268                  /usr/lib/x86_64-linux-gnu/libc.so.6
7f335ac8f000-7f335ac93000 r--p 00214000 103:02 23730268                  /usr/lib/x86_64-linux-gnu/libc.so.6
7f335ac93000-7f335ac95000 rw-p 00218000 103:02 23730268                  /usr/lib/x86_64-linux-gnu/libc.so.6
7f335ac95000-7f335aca2000 rw-p 00000000 00:00 0 
7f335aca2000-7f335aca3000 rw-s 10fc2a000 00:0e 12497                     anon_inode:i915.gem
7f335aca3000-7f335aca4000 rw-s 11565a000 00:0e 12497                     anon_inode:i915.gem
7f335aca4000-7f335aca5000 r-xp 00053000 103:02 17957724                  /tmp/lwjglvictor/3.3.1-build-7/liblwjgl.so
7f335aca5000-7f335aca6000 rw-p 00000000 00:00 0 
7f335aca6000-7f335aca8000 r--s 0000c000 103:02 24642865                  /usr/share/java/java-atk-wrapper.jar
7f335aca8000-7f335aca9000 ---p 00000000 00:00 0 
7f335aca9000-7f335acaa000 r--p 00000000 00:00 0 
7f335acaa000-7f335acaf000 r--p 00000000 103:02 24512959                  /usr/lib/jvm/java-11-openjdk-amd64/lib/libverify.so
7f335acaf000-7f335acb6000 r-xp 00005000 103:02 24512959                  /usr/lib/jvm/java-11-openjdk-amd64/lib/libverify.so
7f335acb6000-7f335acb8000 r--p 0000c000 103:02 24512959                  /usr/lib/jvm/java-11-openjdk-amd64/lib/libverify.so
7f335acb8000-7f335acba000 r--p 0000d000 103:02 24512959                  /usr/lib/jvm/java-11-openjdk-amd64/lib/libverify.so
7f335acba000-7f335acbb000 rw-p 0000f000 103:02 24512959                  /usr/lib/jvm/java-11-openjdk-amd64/lib/libverify.so
7f335acbb000-7f335acbe000 r--p 00000000 103:02 24512486                  /usr/lib/jvm/java-11-openjdk-amd64/lib/jli/libjli.so
7f335acbe000-7f335acc8000 r-xp 00003000 103:02 24512486                  /usr/lib/jvm/java-11-openjdk-amd64/lib/jli/libjli.so
7f335acc8000-7f335accb000 r--p 0000d000 103:02 24512486                  /usr/lib/jvm/java-11-openjdk-amd64/lib/jli/libjli.so
7f335accb000-7f335accc000 ---p 00010000 103:02 24512486                  /usr/lib/jvm/java-11-openjdk-amd64/lib/jli/libjli.so
7f335accc000-7f335accd000 r--p 00010000 103:02 24512486                  /usr/lib/jvm/java-11-openjdk-amd64/lib/jli/libjli.so
7f335accd000-7f335acce000 rw-p 00011000 103:02 24512486                  /usr/lib/jvm/java-11-openjdk-amd64/lib/jli/libjli.so
7f335acce000-7f335acd0000 rw-p 00000000 00:00 0 
7f335acd0000-7f335acd2000 r--p 00000000 103:02 23729931                  /usr/lib/x86_64-linux-gnu/ld-linux-x86-64.so.2
7f335acd2000-7f335acfc000 r-xp 00002000 103:02 23729931                  /usr/lib/x86_64-linux-gnu/ld-linux-x86-64.so.2
7f335acfc000-7f335ad07000 r--p 0002c000 103:02 23729931                  /usr/lib/x86_64-linux-gnu/ld-linux-x86-64.so.2
7f335ad07000-7f335ad08000 rw-p 00000000 00:00 0 
7f335ad08000-7f335ad0a000 r--p 00037000 103:02 23729931                  /usr/lib/x86_64-linux-gnu/ld-linux-x86-64.so.2
7f335ad0a000-7f335ad0c000 rw-p 00039000 103:02 23729931                  /usr/lib/x86_64-linux-gnu/ld-linux-x86-64.so.2
7ffdc2ed0000-7ffdc2ef2000 rw-p 00000000 00:00 0                          [stack]
7ffdc2fe5000-7ffdc2fe9000 r--p 00000000 00:00 0                          [vvar]
7ffdc2fe9000-7ffdc2feb000 r-xp 00000000 00:00 0                          [vdso]
ffffffffff600000-ffffffffff601000 --xp 00000000 00:00 0                  [vsyscall]


VM Arguments:
jvm_args: -Dfile.encoding=UTF-8 -Duser.country=US -Duser.language=en -Duser.variant 
java_command: Main
java_class_path (initial): /home/victor/IdeaProjects/mario/build/classes/java/main:/home/victor/IdeaProjects/mario/build/resources/main:/home/victor/.gradle/caches/modules-2/files-2.1/org.lwjgl/lwjgl-assimp/3.3.1/312072f451794f25670aebb0160ce6ec88aff842/lwjgl-assimp-3.3.1.jar:/home/victor/.gradle/caches/modules-2/files-2.1/org.lwjgl/lwjgl-assimp/3.3.1/79fdb4d7fc27bc61579eb3803c8c389b8e57af1f/lwjgl-assimp-3.3.1-natives-linux.jar:/home/victor/.gradle/caches/modules-2/files-2.1/org.lwjgl/lwjgl-glfw/3.3.1/cbac1b8d30cb4795149c1ef540f912671a8616d0/lwjgl-glfw-3.3.1.jar:/home/victor/.gradle/caches/modules-2/files-2.1/org.lwjgl/lwjgl-glfw/3.3.1/81716978214ecbda15050ca394b06ef61501a49e/lwjgl-glfw-3.3.1-natives-linux.jar:/home/victor/.gradle/caches/modules-2/files-2.1/org.lwjgl/lwjgl-nfd/3.3.1/622318116996ddcff449b46cb38f0fdee39b8ac3/lwjgl-nfd-3.3.1.jar:/home/victor/.gradle/caches/modules-2/files-2.1/org.lwjgl/lwjgl-nfd/3.3.1/2e007667e04ed3281152ae5c6e677fb1c2211691/lwjgl-nfd-3.3.1-natives-linux.jar:/home/victor/.gradle/caches/modules-2/files-2.1/org.lwjgl/lwjgl-openal/3.3.1/2623a6b8ae1dfcd880738656a9f0243d2e6840bd/lwjgl-openal-3.3.1.jar:/home/victor/.gradle/caches/modules-2/files-2.1/org.lwjgl/lwjgl-openal/3.3.1/f906b6439f6daa66001182ea7727e3467a93681b/lwjgl-openal-3.3.1-natives-linux.jar:/home/victor/.gradle/caches/modules-2/files-2.1/org.lwjgl/lwjgl-opengl/3.3.1/831a5533a21a5f4f81bbc51bb13e9899319b5411/lwjgl-opengl-3.3.1.jar:/home/victor/.gradle/caches/modules-2/files-2.1/org.lwjgl/lwjgl-opengl/3.3.1/ab9ab6fde3743e3550fa5d46d785ecb45b047d99/lwjgl-opengl-3.3.1-natives-linux.jar:/home/victor/.gradle/caches/modules-2/files-2.1/org.lwjgl/lwjgl-stb/3.3.1/b119297cf8ed01f247abe8685857f8e7fcf5980f/lwjgl-stb-3.3.1.jar:/home/victor/.gradle/caches/modules-2/files-2.1/org.lwjgl/lwjgl-stb/3.3.1/3ee7aec8686e52867677110415566a5342a80230/lwjgl-stb-3.3.1-natives-linux.jar:/home/victor/.gradle/caches/modules-2/files-2.1/org.lwjgl/lwjgl/3.3.1/ae58664f88e18a9bb2c77b063833ca7aaec484cb/lwjgl-3
Launcher Type: SUN_STANDARD

[Global flags]
     intx CICompilerCount                          = 4                                         {product} {ergonomic}
     uint ConcGCThreads                            = 2                                         {product} {ergonomic}
     uint G1ConcRefinementThreads                  = 8                                         {product} {ergonomic}
   size_t G1HeapRegionSize                         = 1048576                                   {product} {ergonomic}
    uintx GCDrainStackTargetSize                   = 64                                        {product} {ergonomic}
   size_t InitialHeapSize                          = 127926272                                 {product} {ergonomic}
   size_t MarkStackSize                            = 4194304                                   {product} {ergonomic}
   size_t MaxHeapSize                              = 2030043136                                {product} {ergonomic}
   size_t MaxNewSize                               = 1217396736                                {product} {ergonomic}
   size_t MinHeapDeltaBytes                        = 1048576                                   {product} {ergonomic}
    uintx NonNMethodCodeHeapSize                   = 5836300                                {pd product} {ergonomic}
    uintx NonProfiledCodeHeapSize                  = 122910970                              {pd product} {ergonomic}
    uintx ProfiledCodeHeapSize                     = 122910970                              {pd product} {ergonomic}
    uintx ReservedCodeCacheSize                    = 251658240                              {pd product} {ergonomic}
     bool SegmentedCodeCache                       = true                                      {product} {ergonomic}
     bool UseCompressedClassPointers               = true                                 {lp64_product} {ergonomic}
     bool UseCompressedOops                        = true                                 {lp64_product} {ergonomic}
     bool UseG1GC                                  = true                                      {product} {ergonomic}

Logging:
Log output configuration:
 #0: stdout all=warning uptime,level,tags
 #1: stderr all=off uptime,level,tags

Environment Variables:
PATH=/home/victor/cocos2d-x/templates:/home/victor:/home/victor/cocos2d-x/tools/cocos2d-console/bin:/usr/games:/home/victor/.local/bin:/usr/local/sbin:/usr/local/bin:/usr/sbin:/usr/bin:/sbin:/bin:/usr/games:/usr/local/games:/snap/bin:/snap/bin
USERNAME=victor
SHELL=/bin/bash
DISPLAY=:0
LANG=en_US.UTF-8
LC_NUMERIC=es_MX.UTF-8
LC_TIME=es_MX.UTF-8
TERM=xterm-256color

Signal Handlers:
SIGSEGV: [libjvm.so+0xea2e90], sa_mask[0]=11111111011111111101111111111110, sa_flags=SA_RESTART|SA_SIGINFO
SIGBUS: [libjvm.so+0xea2e90], sa_mask[0]=11111111011111111101111111111110, sa_flags=SA_RESTART|SA_SIGINFO
SIGFPE: [libjvm.so+0xea2e90], sa_mask[0]=11111111011111111101111111111110, sa_flags=SA_RESTART|SA_SIGINFO
SIGPIPE: [libjvm.so+0xbe6fe0], sa_mask[0]=11111111011111111101111111111110, sa_flags=SA_RESTART|SA_SIGINFO
SIGXFSZ: [libjvm.so+0xbe6fe0], sa_mask[0]=11111111011111111101111111111110, sa_flags=SA_RESTART|SA_SIGINFO
SIGILL: [libjvm.so+0xea2e90], sa_mask[0]=11111111011111111101111111111110, sa_flags=SA_RESTART|SA_SIGINFO
SIGUSR2: [libjvm.so+0xbe6e80], sa_mask[0]=00100000000000000000000000000000, sa_flags=SA_RESTART|SA_SIGINFO
SIGHUP: [libjvm.so+0xbe7260], sa_mask[0]=11111111011111111101111111111110, sa_flags=SA_RESTART|SA_SIGINFO
SIGINT: [libjvm.so+0xbe7260], sa_mask[0]=11111111011111111101111111111110, sa_flags=SA_RESTART|SA_SIGINFO
SIGTERM: [libjvm.so+0xbe7260], sa_mask[0]=11111111011111111101111111111110, sa_flags=SA_RESTART|SA_SIGINFO
SIGQUIT: [libjvm.so+0xbe7260], sa_mask[0]=11111111011111111101111111111110, sa_flags=SA_RESTART|SA_SIGINFO


---------------  S Y S T E M  ---------------

OS:DISTRIB_ID=Ubuntu
DISTRIB_RELEASE=22.04
DISTRIB_CODENAME=jammy
DISTRIB_DESCRIPTION="Ubuntu 22.04.1 LTS"
uname:Linux 5.15.0-57-generic #63-Ubuntu SMP Thu Nov 24 13:43:17 UTC 2022 x86_64
OS uptime: 1 days 2:46 hours
libc:glibc 2.35 NPTL 2.35 
rlimit (soft/hard): STACK 8192k/infinity , CORE 0k/infinity , NPROC 30506/30506 , NOFILE 1048576/1048576 , AS infinity/infinity , CPU infinity/infinity , DATA infinity/infinity , FSIZE infinity/infinity , MEMLOCK 990404k/990404k
load average:0.88 0.95 1.25

/proc/meminfo:
MemTotal:        7923236 kB
MemFree:          251064 kB
MemAvailable:    2038972 kB
Buffers:          119804 kB
Cached:          2398260 kB
SwapCached:        11436 kB
Active:          1514384 kB
Inactive:        5366704 kB
Active(anon):     186972 kB
Inactive(anon):  4736020 kB
Active(file):    1327412 kB
Inactive(file):   630684 kB
Unevictable:      322264 kB
Mlocked:              16 kB
SwapTotal:       2097148 kB
SwapFree:        1963172 kB
Dirty:              1840 kB
Writeback:             0 kB
AnonPages:       4676524 kB
Mapped:           605608 kB
Shmem:            562904 kB
KReclaimable:     135968 kB
Slab:             290020 kB
SReclaimable:     135968 kB
SUnreclaim:       154052 kB
KernelStack:       20104 kB
PageTables:        41380 kB
NFS_Unstable:          0 kB
Bounce:                0 kB
WritebackTmp:          0 kB
CommitLimit:     6058764 kB
Committed_AS:   10492852 kB
VmallocTotal:   34359738367 kB
VmallocUsed:       51416 kB
VmallocChunk:          0 kB
Percpu:             9952 kB
HardwareCorrupted:     0 kB
AnonHugePages:         0 kB
ShmemHugePages:        0 kB
ShmemPmdMapped:        0 kB
FileHugePages:         0 kB
FilePmdMapped:         0 kB
HugePages_Total:       0
HugePages_Free:        0
HugePages_Rsvd:        0
HugePages_Surp:        0
Hugepagesize:       2048 kB
Hugetlb:               0 kB
DirectMap4k:      445952 kB
DirectMap2M:     7727104 kB
DirectMap1G:           0 kB

/sys/kernel/mm/transparent_hugepage/enabled:
always [madvise] never
/sys/kernel/mm/transparent_hugepage/defrag (defrag/compaction efforts parameter):
always defer defer+madvise [madvise] never

Process Memory:
Virtual Size: 5451524K (peak: 13414588K)
Resident Set Size: 122132K (peak: 123456K) (anon: 55096K, file: 67032K, shmem: 4K)
Swapped out: 0K
C-Heap outstanding allocations: 41759K, retained: 3116K
glibc malloc tunables: (default)

/proc/sys/kernel/threads-max (system-wide limit on the number of threads):
61013
/proc/sys/vm/max_map_count (maximum number of memory map areas a process may have):
65530
/proc/sys/kernel/pid_max (system-wide limit on number of process identifiers):
4194304

container (cgroup) information:
container_type: cgroupv2
cpu_cpuset_cpus: not supported
cpu_memory_nodes: not supported
active_processor_count: 8
cpu_quota: not supported
cpu_period: not supported
cpu_shares: not supported
memory_limit_in_bytes: unlimited
memory_and_swap_limit_in_bytes: unlimited
memory_soft_limit_in_bytes: unlimited
memory_usage_in_bytes: 3226596 k
memory_max_usage_in_bytes: not supported
maximum number of tasks: 9151
current number of tasks: 220

Steal ticks since vm start: 0
Steal ticks percentage since vm start:  0.000

CPU:total 8 (initial active 8) (4 cores per cpu, 2 threads per core) family 6 model 126 stepping 5 microcode 0xb2, cmov, cx8, fxsr, mmx, sse, sse2, sse3, ssse3, sse4.1, sse4.2, popcnt, avx, avx2, aes, clmul, erms, 3dnowpref, lzcnt, ht, tsc, tscinvbit, bmi1, bmi2, adx, evex, sha, fma
CPU Model and flags from /proc/cpuinfo:
model name	: Intel(R) Core(TM) i5-1035G1 CPU @ 1.00GHz
flags		: fpu vme de pse tsc msr pae mce cx8 apic sep mtrr pge mca cmov pat pse36 clflush dts acpi mmx fxsr sse sse2 ss ht tm pbe syscall nx pdpe1gb rdtscp lm constant_tsc art arch_perfmon pebs bts rep_good nopl xtopology nonstop_tsc cpuid aperfmperf tsc_known_freq pni pclmulqdq dtes64 monitor ds_cpl vmx est tm2 ssse3 sdbg fma cx16 xtpr pdcm pcid sse4_1 sse4_2 x2apic movbe popcnt tsc_deadline_timer aes xsave avx f16c rdrand lahf_lm abm 3dnowprefetch cpuid_fault epb invpcid_single ssbd ibrs ibpb stibp ibrs_enhanced tpr_shadow vnmi flexpriority ept vpid ept_ad fsgsbase tsc_adjust bmi1 avx2 smep bmi2 erms invpcid avx512f avx512dq rdseed adx smap avx512ifma clflushopt intel_pt avx512cd sha_ni avx512bw avx512vl xsaveopt xsavec xgetbv1 xsaves split_lock_detect dtherm ida arat pln pts hwp hwp_notify hwp_act_window hwp_epp hwp_pkg_req avx512vbmi umip pku ospke avx512_vbmi2 gfni vaes vpclmulqdq avx512_vnni avx512_bitalg avx512_vpopcntdq rdpid fsrm md_clear flush_l1d arch_capabilities
Online cpus:
0-7
Offline cpus:

BIOS frequency limitation:
<Not Available>
Frequency switch latency (ns):
0
Available cpu frequencies:
<Not Available>
Current governor:
powersave
Core performance/turbo boost:
<Not Available>

Memory: 4k page, physical 7923236k(250840k free), swap 2097148k(1963172k free)

vm_info: OpenJDK 64-Bit Server VM (11.0.17+8-post-Ubuntu-1ubuntu222.04) for linux-amd64 JRE (11.0.17+8-post-Ubuntu-1ubuntu222.04), built on Oct 24 2022 16:41:58 by "unknown" with gcc 11.2.0

END.
